{"E:\\0_Svn\\smpoo\\@tFrameV9\\code.pkg\\tMind-Core\\lib\\index.js": {"data":{"path":"E:\\0_Svn\\smpoo\\@tFrameV9\\code.pkg\\tMind-Core\\lib\\index.js","statementMap":{"0":{"start":{"line":1,"column":0},"end":{"line":852,"column":5}},"1":{"start":{"line":2,"column":1},"end":{"line":4,"column":104}},"2":{"start":{"line":7,"column":17},"end":{"line":9,"column":2}},"3":{"start":{"line":8,"column":5},"end":{"line":8,"column":24}},"4":{"start":{"line":10,"column":22},"end":{"line":12,"column":2}},"5":{"start":{"line":11,"column":5},"end":{"line":11,"column":53}},"6":{"start":{"line":13,"column":18},"end":{"line":15,"column":2}},"7":{"start":{"line":14,"column":5},"end":{"line":14,"column":39}},"8":{"start":{"line":16,"column":19},"end":{"line":18,"column":2}},"9":{"start":{"line":17,"column":5},"end":{"line":17,"column":41}},"10":{"start":{"line":19,"column":17},"end":{"line":29,"column":2}},"11":{"start":{"line":20,"column":5},"end":{"line":28,"column":6}},"12":{"start":{"line":21,"column":9},"end":{"line":21,"column":61}},"13":{"start":{"line":23,"column":10},"end":{"line":28,"column":6}},"14":{"start":{"line":24,"column":9},"end":{"line":24,"column":50}},"15":{"start":{"line":27,"column":9},"end":{"line":27,"column":19}},"16":{"start":{"line":30,"column":18},"end":{"line":46,"column":2}},"17":{"start":{"line":31,"column":5},"end":{"line":45,"column":6}},"18":{"start":{"line":32,"column":9},"end":{"line":32,"column":43}},"19":{"start":{"line":34,"column":10},"end":{"line":45,"column":6}},"20":{"start":{"line":35,"column":9},"end":{"line":35,"column":43}},"21":{"start":{"line":37,"column":10},"end":{"line":45,"column":6}},"22":{"start":{"line":38,"column":9},"end":{"line":38,"column":49}},"23":{"start":{"line":40,"column":10},"end":{"line":45,"column":6}},"24":{"start":{"line":41,"column":9},"end":{"line":41,"column":46}},"25":{"start":{"line":44,"column":9},"end":{"line":44,"column":43}},"26":{"start":{"line":47,"column":21},"end":{"line":49,"column":2}},"27":{"start":{"line":48,"column":5},"end":{"line":48,"column":61}},"28":{"start":{"line":48,"column":44},"end":{"line":48,"column":59}},"29":{"start":{"line":50,"column":23},"end":{"line":52,"column":2}},"30":{"start":{"line":51,"column":5},"end":{"line":51,"column":70}},"31":{"start":{"line":51,"column":53},"end":{"line":51,"column":68}},"32":{"start":{"line":54,"column":19},"end":{"line":54,"column":69}},"33":{"start":{"line":55,"column":19},"end":{"line":55,"column":69}},"34":{"start":{"line":56,"column":20},"end":{"line":56,"column":240}},"35":{"start":{"line":57,"column":20},"end":{"line":62,"column":2}},"36":{"start":{"line":58,"column":5},"end":{"line":61,"column":20}},"37":{"start":{"line":63,"column":20},"end":{"line":67,"column":2}},"38":{"start":{"line":64,"column":5},"end":{"line":66,"column":28}},"39":{"start":{"line":68,"column":18},"end":{"line":70,"column":2}},"40":{"start":{"line":69,"column":5},"end":{"line":69,"column":32}},"41":{"start":{"line":71,"column":20},"end":{"line":89,"column":2}},"42":{"start":{"line":72,"column":20},"end":{"line":72,"column":30}},"43":{"start":{"line":73,"column":5},"end":{"line":88,"column":6}},"44":{"start":{"line":75,"column":13},"end":{"line":75,"column":43}},"45":{"start":{"line":77,"column":13},"end":{"line":77,"column":50}},"46":{"start":{"line":79,"column":13},"end":{"line":79,"column":46}},"47":{"start":{"line":81,"column":25},"end":{"line":81,"column":37}},"48":{"start":{"line":82,"column":29},"end":{"line":82,"column":54}},"49":{"start":{"line":83,"column":28},"end":{"line":83,"column":30}},"50":{"start":{"line":84,"column":13},"end":{"line":86,"column":14}},"51":{"start":{"line":85,"column":17},"end":{"line":85,"column":31}},"52":{"start":{"line":87,"column":13},"end":{"line":87,"column":35}},"53":{"start":{"line":90,"column":18},"end":{"line":117,"column":2}},"54":{"start":{"line":91,"column":23},"end":{"line":91,"column":48}},"55":{"start":{"line":92,"column":20},"end":{"line":92,"column":39}},"56":{"start":{"line":93,"column":5},"end":{"line":94,"column":34}},"57":{"start":{"line":94,"column":9},"end":{"line":94,"column":34}},"58":{"start":{"line":95,"column":18},"end":{"line":95,"column":20}},"59":{"start":{"line":96,"column":19},"end":{"line":96,"column":21}},"60":{"start":{"line":97,"column":19},"end":{"line":97,"column":40}},"61":{"start":{"line":98,"column":5},"end":{"line":102,"column":8}},"62":{"start":{"line":99,"column":19},"end":{"line":99,"column":32}},"63":{"start":{"line":100,"column":28},"end":{"line":100,"column":94}},"64":{"start":{"line":101,"column":9},"end":{"line":101,"column":31}},"65":{"start":{"line":103,"column":5},"end":{"line":113,"column":6}},"66":{"start":{"line":104,"column":23},"end":{"line":104,"column":61}},"67":{"start":{"line":105,"column":25},"end":{"line":105,"column":27}},"68":{"start":{"line":106,"column":9},"end":{"line":108,"column":12}},"69":{"start":{"line":107,"column":13},"end":{"line":107,"column":61}},"70":{"start":{"line":109,"column":9},"end":{"line":109,"column":38}},"71":{"start":{"line":112,"column":9},"end":{"line":112,"column":25}},"72":{"start":{"line":114,"column":5},"end":{"line":116,"column":58}},"73":{"start":{"line":114,"column":75},"end":{"line":114,"column":85}},"74":{"start":{"line":115,"column":13},"end":{"line":115,"column":41}},"75":{"start":{"line":118,"column":18},"end":{"line":120,"column":2}},"76":{"start":{"line":119,"column":5},"end":{"line":119,"column":32}},"77":{"start":{"line":123,"column":5},"end":{"line":123,"column":99}},"78":{"start":{"line":127,"column":20},"end":{"line":127,"column":38}},"79":{"start":{"line":128,"column":20},"end":{"line":128,"column":50}},"80":{"start":{"line":129,"column":5},"end":{"line":132,"column":6}},"81":{"start":{"line":129,"column":18},"end":{"line":129,"column":19}},"82":{"start":{"line":130,"column":22},"end":{"line":130,"column":28}},"83":{"start":{"line":131,"column":9},"end":{"line":131,"column":67}},"84":{"start":{"line":133,"column":5},"end":{"line":136,"column":6}},"85":{"start":{"line":133,"column":18},"end":{"line":133,"column":19}},"86":{"start":{"line":134,"column":22},"end":{"line":134,"column":28}},"87":{"start":{"line":135,"column":9},"end":{"line":135,"column":77}},"88":{"start":{"line":139,"column":20},"end":{"line":139,"column":50}},"89":{"start":{"line":140,"column":20},"end":{"line":140,"column":62}},"90":{"start":{"line":141,"column":18},"end":{"line":141,"column":35}},"91":{"start":{"line":142,"column":5},"end":{"line":145,"column":6}},"92":{"start":{"line":142,"column":18},"end":{"line":142,"column":19}},"93":{"start":{"line":143,"column":22},"end":{"line":143,"column":28}},"94":{"start":{"line":144,"column":9},"end":{"line":144,"column":59}},"95":{"start":{"line":146,"column":5},"end":{"line":150,"column":6}},"96":{"start":{"line":146,"column":18},"end":{"line":146,"column":19}},"97":{"start":{"line":147,"column":22},"end":{"line":147,"column":28}},"98":{"start":{"line":148,"column":24},"end":{"line":148,"column":59}},"99":{"start":{"line":149,"column":9},"end":{"line":149,"column":35}},"100":{"start":{"line":153,"column":5},"end":{"line":163,"column":6}},"101":{"start":{"line":154,"column":9},"end":{"line":154,"column":33}},"102":{"start":{"line":156,"column":10},"end":{"line":163,"column":6}},"103":{"start":{"line":157,"column":9},"end":{"line":157,"column":30}},"104":{"start":{"line":159,"column":10},"end":{"line":163,"column":6}},"105":{"start":{"line":160,"column":22},"end":{"line":160,"column":46}},"106":{"start":{"line":161,"column":9},"end":{"line":161,"column":33}},"107":{"start":{"line":162,"column":9},"end":{"line":162,"column":30}},"108":{"start":{"line":166,"column":17},"end":{"line":166,"column":37}},"109":{"start":{"line":167,"column":5},"end":{"line":183,"column":6}},"110":{"start":{"line":168,"column":9},"end":{"line":173,"column":10}},"111":{"start":{"line":169,"column":13},"end":{"line":169,"column":70}},"112":{"start":{"line":171,"column":14},"end":{"line":173,"column":10}},"113":{"start":{"line":172,"column":13},"end":{"line":172,"column":72}},"114":{"start":{"line":176,"column":25},"end":{"line":176,"column":55}},"115":{"start":{"line":177,"column":9},"end":{"line":182,"column":10}},"116":{"start":{"line":178,"column":13},"end":{"line":178,"column":61}},"117":{"start":{"line":180,"column":14},"end":{"line":182,"column":10}},"118":{"start":{"line":181,"column":13},"end":{"line":181,"column":49}},"119":{"start":{"line":187,"column":5},"end":{"line":195,"column":6}},"120":{"start":{"line":188,"column":9},"end":{"line":188,"column":40}},"121":{"start":{"line":190,"column":10},"end":{"line":195,"column":6}},"122":{"start":{"line":191,"column":9},"end":{"line":191,"column":22}},"123":{"start":{"line":194,"column":9},"end":{"line":194,"column":18}},"124":{"start":{"line":198,"column":5},"end":{"line":206,"column":6}},"125":{"start":{"line":199,"column":9},"end":{"line":199,"column":40}},"126":{"start":{"line":201,"column":10},"end":{"line":206,"column":6}},"127":{"start":{"line":202,"column":9},"end":{"line":202,"column":22}},"128":{"start":{"line":205,"column":9},"end":{"line":205,"column":18}},"129":{"start":{"line":209,"column":19},"end":{"line":209,"column":67}},"130":{"start":{"line":209,"column":28},"end":{"line":209,"column":67}},"131":{"start":{"line":209,"column":51},"end":{"line":209,"column":66}},"132":{"start":{"line":210,"column":19},"end":{"line":210,"column":119}},"133":{"start":{"line":210,"column":39},"end":{"line":210,"column":119}},"134":{"start":{"line":210,"column":114},"end":{"line":210,"column":116}},"135":{"start":{"line":211,"column":25},"end":{"line":221,"column":2}},"136":{"start":{"line":212,"column":20},"end":{"line":212,"column":87}},"137":{"start":{"line":213,"column":20},"end":{"line":213,"column":70}},"138":{"start":{"line":214,"column":20},"end":{"line":214,"column":95}},"139":{"start":{"line":215,"column":5},"end":{"line":220,"column":7}},"140":{"start":{"line":222,"column":16},"end":{"line":227,"column":2}},"141":{"start":{"line":225,"column":9},"end":{"line":225,"column":47}},"142":{"start":{"line":228,"column":16},"end":{"line":233,"column":2}},"143":{"start":{"line":231,"column":9},"end":{"line":231,"column":42}},"144":{"start":{"line":234,"column":21},"end":{"line":234,"column":36}},"145":{"start":{"line":239,"column":1},"end":{"line":239,"column":41}},"146":{"start":{"line":240,"column":1},"end":{"line":240,"column":38}},"147":{"start":{"line":241,"column":1},"end":{"line":241,"column":76}},"148":{"start":{"line":242,"column":1},"end":{"line":245,"column":3}},"149":{"start":{"line":246,"column":1},"end":{"line":246,"column":23}},"150":{"start":{"line":247,"column":1},"end":{"line":247,"column":23}},"151":{"start":{"line":249,"column":15},"end":{"line":249,"column":2564}},"152":{"start":{"line":250,"column":15},"end":{"line":267,"column":2}},"153":{"start":{"line":268,"column":18},"end":{"line":273,"column":2}},"154":{"start":{"line":274,"column":25},"end":{"line":279,"column":2}},"155":{"start":{"line":281,"column":5},"end":{"line":281,"column":21}},"156":{"start":{"line":282,"column":5},"end":{"line":282,"column":74}},"157":{"start":{"line":282,"column":67},"end":{"line":282,"column":69}},"158":{"start":{"line":285,"column":23},"end":{"line":285,"column":46}},"159":{"start":{"line":286,"column":19},"end":{"line":286,"column":47}},"160":{"start":{"line":286,"column":36},"end":{"line":286,"column":47}},"161":{"start":{"line":287,"column":21},"end":{"line":287,"column":31}},"162":{"start":{"line":288,"column":29},"end":{"line":288,"column":147}},"163":{"start":{"line":289,"column":5},"end":{"line":299,"column":6}},"164":{"start":{"line":290,"column":26},"end":{"line":290,"column":68}},"165":{"start":{"line":291,"column":25},"end":{"line":291,"column":141}},"166":{"start":{"line":292,"column":9},"end":{"line":292,"column":34}},"167":{"start":{"line":294,"column":10},"end":{"line":299,"column":6}},"168":{"start":{"line":295,"column":9},"end":{"line":295,"column":74}},"169":{"start":{"line":297,"column":10},"end":{"line":299,"column":6}},"170":{"start":{"line":298,"column":9},"end":{"line":298,"column":51}},"171":{"start":{"line":302,"column":21},"end":{"line":302,"column":35}},"172":{"start":{"line":303,"column":19},"end":{"line":303,"column":45}},"173":{"start":{"line":304,"column":17},"end":{"line":304,"column":47}},"174":{"start":{"line":305,"column":17},"end":{"line":305,"column":33}},"175":{"start":{"line":306,"column":24},"end":{"line":306,"column":36}},"176":{"start":{"line":307,"column":18},"end":{"line":310,"column":2}},"177":{"start":{"line":311,"column":20},"end":{"line":311,"column":67}},"178":{"start":{"line":312,"column":16},"end":{"line":312,"column":35}},"179":{"start":{"line":313,"column":20},"end":{"line":313,"column":36}},"180":{"start":{"line":314,"column":20},"end":{"line":330,"column":2}},"181":{"start":{"line":315,"column":25},"end":{"line":315,"column":70}},"182":{"start":{"line":315,"column":43},"end":{"line":315,"column":70}},"183":{"start":{"line":316,"column":16},"end":{"line":316,"column":38}},"184":{"start":{"line":317,"column":25},"end":{"line":326,"column":6}},"185":{"start":{"line":327,"column":5},"end":{"line":329,"column":8}},"186":{"start":{"line":328,"column":9},"end":{"line":328,"column":43}},"187":{"start":{"line":331,"column":23},"end":{"line":338,"column":2}},"188":{"start":{"line":332,"column":5},"end":{"line":337,"column":6}},"189":{"start":{"line":333,"column":9},"end":{"line":333,"column":31}},"190":{"start":{"line":336,"column":9},"end":{"line":336,"column":224}},"191":{"start":{"line":341,"column":9},"end":{"line":343,"column":11}},"192":{"start":{"line":342,"column":13},"end":{"line":342,"column":73}},"193":{"start":{"line":344,"column":9},"end":{"line":365,"column":11}},"194":{"start":{"line":345,"column":28},"end":{"line":354,"column":45}},"195":{"start":{"line":355,"column":31},"end":{"line":355,"column":43}},"196":{"start":{"line":356,"column":26},"end":{"line":356,"column":96}},"197":{"start":{"line":356,"column":35},"end":{"line":356,"column":96}},"198":{"start":{"line":357,"column":29},"end":{"line":357,"column":96}},"199":{"start":{"line":358,"column":13},"end":{"line":364,"column":14}},"200":{"start":{"line":359,"column":17},"end":{"line":359,"column":32}},"201":{"start":{"line":362,"column":33},"end":{"line":362,"column":73}},"202":{"start":{"line":362,"column":55},"end":{"line":362,"column":62}},"203":{"start":{"line":363,"column":17},"end":{"line":363,"column":48}},"204":{"start":{"line":366,"column":9},"end":{"line":375,"column":11}},"205":{"start":{"line":367,"column":26},"end":{"line":367,"column":89}},"206":{"start":{"line":368,"column":13},"end":{"line":374,"column":14}},"207":{"start":{"line":369,"column":17},"end":{"line":369,"column":29}},"208":{"start":{"line":372,"column":30},"end":{"line":372,"column":45}},"209":{"start":{"line":373,"column":17},"end":{"line":373,"column":38}},"210":{"start":{"line":376,"column":9},"end":{"line":378,"column":11}},"211":{"start":{"line":377,"column":13},"end":{"line":377,"column":121}},"212":{"start":{"line":379,"column":9},"end":{"line":381,"column":11}},"213":{"start":{"line":380,"column":13},"end":{"line":380,"column":81}},"214":{"start":{"line":382,"column":9},"end":{"line":391,"column":11}},"215":{"start":{"line":383,"column":23},"end":{"line":383,"column":40}},"216":{"start":{"line":384,"column":25},"end":{"line":384,"column":38}},"217":{"start":{"line":385,"column":13},"end":{"line":390,"column":14}},"218":{"start":{"line":386,"column":17},"end":{"line":386,"column":31}},"219":{"start":{"line":389,"column":17},"end":{"line":389,"column":41}},"220":{"start":{"line":392,"column":9},"end":{"line":400,"column":11}},"221":{"start":{"line":393,"column":23},"end":{"line":393,"column":82}},"222":{"start":{"line":394,"column":13},"end":{"line":399,"column":14}},"223":{"start":{"line":395,"column":17},"end":{"line":395,"column":38}},"224":{"start":{"line":398,"column":17},"end":{"line":398,"column":26}},"225":{"start":{"line":401,"column":9},"end":{"line":403,"column":11}},"226":{"start":{"line":402,"column":13},"end":{"line":402,"column":124}},"227":{"start":{"line":404,"column":9},"end":{"line":413,"column":11}},"228":{"start":{"line":405,"column":23},"end":{"line":405,"column":46}},"229":{"start":{"line":406,"column":23},"end":{"line":406,"column":79}},"230":{"start":{"line":407,"column":13},"end":{"line":412,"column":14}},"231":{"start":{"line":408,"column":17},"end":{"line":408,"column":45}},"232":{"start":{"line":411,"column":17},"end":{"line":411,"column":26}},"233":{"start":{"line":414,"column":9},"end":{"line":431,"column":11}},"234":{"start":{"line":415,"column":13},"end":{"line":430,"column":14}},"235":{"start":{"line":416,"column":27},"end":{"line":416,"column":43}},"236":{"start":{"line":417,"column":17},"end":{"line":425,"column":18}},"237":{"start":{"line":418,"column":21},"end":{"line":418,"column":30}},"238":{"start":{"line":420,"column":22},"end":{"line":425,"column":18}},"239":{"start":{"line":421,"column":21},"end":{"line":421,"column":31}},"240":{"start":{"line":423,"column":22},"end":{"line":425,"column":18}},"241":{"start":{"line":424,"column":21},"end":{"line":424,"column":32}},"242":{"start":{"line":426,"column":17},"end":{"line":426,"column":96}},"243":{"start":{"line":429,"column":17},"end":{"line":429,"column":38}},"244":{"start":{"line":432,"column":9},"end":{"line":468,"column":11}},"245":{"start":{"line":433,"column":13},"end":{"line":467,"column":14}},"246":{"start":{"line":434,"column":30},"end":{"line":434,"column":48}},"247":{"start":{"line":435,"column":28},"end":{"line":435,"column":42}},"248":{"start":{"line":436,"column":30},"end":{"line":436,"column":195}},"249":{"start":{"line":437,"column":33},"end":{"line":437,"column":44}},"250":{"start":{"line":438,"column":36},"end":{"line":438,"column":83}},"251":{"start":{"line":439,"column":32},"end":{"line":439,"column":67}},"252":{"start":{"line":439,"column":50},"end":{"line":439,"column":67}},"253":{"start":{"line":440,"column":17},"end":{"line":463,"column":18}},"254":{"start":{"line":441,"column":21},"end":{"line":441,"column":36}},"255":{"start":{"line":443,"column":22},"end":{"line":463,"column":18}},"256":{"start":{"line":444,"column":21},"end":{"line":444,"column":50}},"257":{"start":{"line":446,"column":22},"end":{"line":463,"column":18}},"258":{"start":{"line":447,"column":21},"end":{"line":447,"column":55}},"259":{"start":{"line":449,"column":22},"end":{"line":463,"column":18}},"260":{"start":{"line":450,"column":21},"end":{"line":450,"column":64}},"261":{"start":{"line":452,"column":22},"end":{"line":463,"column":18}},"262":{"start":{"line":453,"column":21},"end":{"line":453,"column":59}},"263":{"start":{"line":455,"column":22},"end":{"line":463,"column":18}},"264":{"start":{"line":456,"column":21},"end":{"line":456,"column":52}},"265":{"start":{"line":458,"column":22},"end":{"line":463,"column":18}},"266":{"start":{"line":459,"column":21},"end":{"line":459,"column":51}},"267":{"start":{"line":462,"column":21},"end":{"line":462,"column":39}},"268":{"start":{"line":466,"column":17},"end":{"line":466,"column":26}},"269":{"start":{"line":469,"column":9},"end":{"line":482,"column":11}},"270":{"start":{"line":470,"column":13},"end":{"line":481,"column":14}},"271":{"start":{"line":471,"column":29},"end":{"line":471,"column":89}},"272":{"start":{"line":472,"column":17},"end":{"line":477,"column":18}},"273":{"start":{"line":473,"column":21},"end":{"line":473,"column":32}},"274":{"start":{"line":476,"column":21},"end":{"line":476,"column":171}},"275":{"start":{"line":480,"column":17},"end":{"line":480,"column":43}},"276":{"start":{"line":483,"column":9},"end":{"line":501,"column":11}},"277":{"start":{"line":484,"column":45},"end":{"line":484,"column":61}},"278":{"start":{"line":485,"column":13},"end":{"line":500,"column":15}},"279":{"start":{"line":502,"column":9},"end":{"line":504,"column":11}},"280":{"start":{"line":503,"column":13},"end":{"line":503,"column":110}},"281":{"start":{"line":503,"column":106},"end":{"line":503,"column":108}},"282":{"start":{"line":505,"column":9},"end":{"line":505,"column":28}},"283":{"start":{"line":508,"column":19},"end":{"line":508,"column":41}},"284":{"start":{"line":509,"column":9},"end":{"line":509,"column":62}},"285":{"start":{"line":512,"column":9},"end":{"line":512,"column":24}},"286":{"start":{"line":515,"column":9},"end":{"line":515,"column":37}},"287":{"start":{"line":518,"column":9},"end":{"line":518,"column":35}},"288":{"start":{"line":521,"column":9},"end":{"line":521,"column":35}},"289":{"start":{"line":524,"column":9},"end":{"line":524,"column":35}},"290":{"start":{"line":527,"column":9},"end":{"line":527,"column":35}},"291":{"start":{"line":530,"column":9},"end":{"line":530,"column":35}},"292":{"start":{"line":533,"column":9},"end":{"line":533,"column":35}},"293":{"start":{"line":536,"column":9},"end":{"line":536,"column":39}},"294":{"start":{"line":539,"column":19},"end":{"line":539,"column":42}},"295":{"start":{"line":540,"column":9},"end":{"line":540,"column":73}},"296":{"start":{"line":543,"column":36},"end":{"line":543,"column":48}},"297":{"start":{"line":544,"column":17},"end":{"line":544,"column":22}},"298":{"start":{"line":545,"column":17},"end":{"line":545,"column":27}},"299":{"start":{"line":546,"column":17},"end":{"line":546,"column":21}},"300":{"start":{"line":547,"column":27},"end":{"line":547,"column":219}},"301":{"start":{"line":548,"column":27},"end":{"line":548,"column":180}},"302":{"start":{"line":549,"column":26},"end":{"line":549,"column":28}},"303":{"start":{"line":550,"column":9},"end":{"line":570,"column":10}},"304":{"start":{"line":551,"column":24},"end":{"line":551,"column":122}},"305":{"start":{"line":552,"column":24},"end":{"line":552,"column":41}},"306":{"start":{"line":553,"column":13},"end":{"line":554,"column":51}},"307":{"start":{"line":554,"column":17},"end":{"line":554,"column":51}},"308":{"start":{"line":555,"column":13},"end":{"line":555,"column":115}},"309":{"start":{"line":556,"column":13},"end":{"line":556,"column":38}},"310":{"start":{"line":557,"column":13},"end":{"line":558,"column":47}},"311":{"start":{"line":558,"column":17},"end":{"line":558,"column":47}},"312":{"start":{"line":559,"column":13},"end":{"line":569,"column":14}},"313":{"start":{"line":560,"column":17},"end":{"line":560,"column":27}},"314":{"start":{"line":563,"column":17},"end":{"line":563,"column":27}},"315":{"start":{"line":564,"column":17},"end":{"line":567,"column":18}},"316":{"start":{"line":565,"column":21},"end":{"line":565,"column":31}},"317":{"start":{"line":566,"column":21},"end":{"line":566,"column":28}},"318":{"start":{"line":568,"column":17},"end":{"line":568,"column":24}},"319":{"start":{"line":571,"column":9},"end":{"line":571,"column":27}},"320":{"start":{"line":574,"column":22},"end":{"line":574,"column":100}},"321":{"start":{"line":575,"column":36},"end":{"line":575,"column":48}},"322":{"start":{"line":576,"column":19},"end":{"line":576,"column":24}},"323":{"start":{"line":577,"column":19},"end":{"line":577,"column":22}},"324":{"start":{"line":578,"column":9},"end":{"line":587,"column":10}},"325":{"start":{"line":579,"column":21},"end":{"line":579,"column":22}},"326":{"start":{"line":582,"column":13},"end":{"line":586,"column":14}},"327":{"start":{"line":582,"column":26},"end":{"line":582,"column":27}},"328":{"start":{"line":583,"column":17},"end":{"line":585,"column":18}},"329":{"start":{"line":584,"column":21},"end":{"line":584,"column":27}},"330":{"start":{"line":588,"column":9},"end":{"line":588,"column":54}},"331":{"start":{"line":591,"column":9},"end":{"line":591,"column":70}},"332":{"start":{"line":594,"column":9},"end":{"line":594,"column":117}},"333":{"start":{"line":597,"column":9},"end":{"line":597,"column":121}},"334":{"start":{"line":600,"column":9},"end":{"line":600,"column":82}},"335":{"start":{"line":603,"column":30},"end":{"line":603,"column":65}},"336":{"start":{"line":604,"column":9},"end":{"line":606,"column":15}},"337":{"start":{"line":604,"column":90},"end":{"line":604,"column":119}},"338":{"start":{"line":605,"column":13},"end":{"line":605,"column":31}},"339":{"start":{"line":609,"column":9},"end":{"line":609,"column":71}},"340":{"start":{"line":612,"column":9},"end":{"line":612,"column":45}},"341":{"start":{"line":615,"column":9},"end":{"line":615,"column":59}},"342":{"start":{"line":618,"column":9},"end":{"line":618,"column":72}},"343":{"start":{"line":621,"column":9},"end":{"line":621,"column":66}},"344":{"start":{"line":624,"column":19},"end":{"line":624,"column":53}},"345":{"start":{"line":625,"column":9},"end":{"line":625,"column":70}},"346":{"start":{"line":628,"column":9},"end":{"line":628,"column":76}},"347":{"start":{"line":631,"column":9},"end":{"line":631,"column":76}},"348":{"start":{"line":635,"column":17},"end":{"line":635,"column":27}},"349":{"start":{"line":636,"column":5},"end":{"line":659,"column":6}},"350":{"start":{"line":638,"column":13},"end":{"line":638,"column":49}},"351":{"start":{"line":640,"column":13},"end":{"line":646,"column":14}},"352":{"start":{"line":641,"column":67},"end":{"line":641,"column":76}},"353":{"start":{"line":642,"column":17},"end":{"line":642,"column":69}},"354":{"start":{"line":645,"column":17},"end":{"line":645,"column":53}},"355":{"start":{"line":648,"column":13},"end":{"line":648,"column":42}},"356":{"start":{"line":650,"column":13},"end":{"line":658,"column":14}},"357":{"start":{"line":651,"column":17},"end":{"line":651,"column":56}},"358":{"start":{"line":653,"column":18},"end":{"line":658,"column":14}},"359":{"start":{"line":654,"column":17},"end":{"line":654,"column":46}},"360":{"start":{"line":657,"column":17},"end":{"line":657,"column":59}},"361":{"start":{"line":662,"column":28},"end":{"line":665,"column":3}},"362":{"start":{"line":667,"column":19},"end":{"line":667,"column":54}},"363":{"start":{"line":668,"column":19},"end":{"line":668,"column":54}},"364":{"start":{"line":669,"column":17},"end":{"line":714,"column":2}},"365":{"start":{"line":671,"column":21},"end":{"line":671,"column":23}},"366":{"start":{"line":672,"column":17},"end":{"line":672,"column":18}},"367":{"start":{"line":673,"column":9},"end":{"line":698,"column":10}},"368":{"start":{"line":674,"column":24},"end":{"line":674,"column":30}},"369":{"start":{"line":675,"column":13},"end":{"line":696,"column":14}},"370":{"start":{"line":676,"column":28},"end":{"line":676,"column":40}},"371":{"start":{"line":677,"column":17},"end":{"line":678,"column":34}},"372":{"start":{"line":678,"column":21},"end":{"line":678,"column":34}},"373":{"start":{"line":679,"column":17},"end":{"line":679,"column":34}},"374":{"start":{"line":682,"column":25},"end":{"line":682,"column":26}},"375":{"start":{"line":683,"column":17},"end":{"line":695,"column":18}},"376":{"start":{"line":684,"column":21},"end":{"line":693,"column":22}},"377":{"start":{"line":685,"column":25},"end":{"line":687,"column":26}},"378":{"start":{"line":686,"column":29},"end":{"line":686,"column":41}},"379":{"start":{"line":688,"column":25},"end":{"line":688,"column":41}},"380":{"start":{"line":689,"column":25},"end":{"line":689,"column":31}},"381":{"start":{"line":691,"column":26},"end":{"line":693,"column":22}},"382":{"start":{"line":692,"column":25},"end":{"line":692,"column":37}},"383":{"start":{"line":694,"column":21},"end":{"line":694,"column":25}},"384":{"start":{"line":697,"column":13},"end":{"line":697,"column":17}},"385":{"start":{"line":699,"column":9},"end":{"line":699,"column":20}},"386":{"start":{"line":702,"column":17},"end":{"line":702,"column":18}},"387":{"start":{"line":703,"column":26},"end":{"line":703,"column":28}},"388":{"start":{"line":704,"column":21},"end":{"line":704,"column":35}},"389":{"start":{"line":705,"column":9},"end":{"line":711,"column":10}},"390":{"start":{"line":706,"column":13},"end":{"line":709,"column":14}},"391":{"start":{"line":707,"column":17},"end":{"line":707,"column":32}},"392":{"start":{"line":708,"column":17},"end":{"line":708,"column":23}},"393":{"start":{"line":710,"column":13},"end":{"line":710,"column":17}},"394":{"start":{"line":712,"column":9},"end":{"line":712,"column":27}},"395":{"start":{"line":716,"column":30},"end":{"line":719,"column":3}},"396":{"start":{"line":721,"column":27},"end":{"line":721,"column":93}},"397":{"start":{"line":722,"column":21},"end":{"line":725,"column":2}},"398":{"start":{"line":728,"column":9},"end":{"line":739,"column":11}},"399":{"start":{"line":729,"column":29},"end":{"line":735,"column":14}},"400":{"start":{"line":736,"column":24},"end":{"line":736,"column":39}},"401":{"start":{"line":737,"column":26},"end":{"line":737,"column":60}},"402":{"start":{"line":738,"column":13},"end":{"line":738,"column":166}},"403":{"start":{"line":740,"column":9},"end":{"line":740,"column":112}},"404":{"start":{"line":740,"column":51},"end":{"line":740,"column":111}},"405":{"start":{"line":741,"column":9},"end":{"line":741,"column":143}},"406":{"start":{"line":741,"column":52},"end":{"line":741,"column":142}},"407":{"start":{"line":742,"column":9},"end":{"line":742,"column":122}},"408":{"start":{"line":742,"column":48},"end":{"line":742,"column":121}},"409":{"start":{"line":743,"column":9},"end":{"line":743,"column":125}},"410":{"start":{"line":743,"column":49},"end":{"line":743,"column":124}},"411":{"start":{"line":744,"column":9},"end":{"line":744,"column":291}},"412":{"start":{"line":744,"column":48},"end":{"line":744,"column":290}},"413":{"start":{"line":745,"column":9},"end":{"line":745,"column":307}},"414":{"start":{"line":745,"column":44},"end":{"line":745,"column":306}},"415":{"start":{"line":746,"column":9},"end":{"line":746,"column":115}},"416":{"start":{"line":746,"column":43},"end":{"line":746,"column":114}},"417":{"start":{"line":747,"column":9},"end":{"line":747,"column":112}},"418":{"start":{"line":747,"column":46},"end":{"line":747,"column":111}},"419":{"start":{"line":748,"column":9},"end":{"line":748,"column":118}},"420":{"start":{"line":748,"column":46},"end":{"line":748,"column":117}},"421":{"start":{"line":749,"column":9},"end":{"line":749,"column":119}},"422":{"start":{"line":749,"column":46},"end":{"line":749,"column":118}},"423":{"start":{"line":750,"column":9},"end":{"line":750,"column":117}},"424":{"start":{"line":750,"column":49},"end":{"line":750,"column":116}},"425":{"start":{"line":751,"column":9},"end":{"line":751,"column":118}},"426":{"start":{"line":751,"column":49},"end":{"line":751,"column":117}},"427":{"start":{"line":752,"column":9},"end":{"line":752,"column":167}},"428":{"start":{"line":752,"column":45},"end":{"line":752,"column":166}},"429":{"start":{"line":753,"column":9},"end":{"line":753,"column":128}},"430":{"start":{"line":753,"column":46},"end":{"line":753,"column":127}},"431":{"start":{"line":754,"column":9},"end":{"line":754,"column":149}},"432":{"start":{"line":754,"column":48},"end":{"line":754,"column":148}},"433":{"start":{"line":755,"column":9},"end":{"line":755,"column":208}},"434":{"start":{"line":755,"column":46},"end":{"line":755,"column":207}},"435":{"start":{"line":756,"column":9},"end":{"line":756,"column":182}},"436":{"start":{"line":756,"column":43},"end":{"line":756,"column":181}},"437":{"start":{"line":757,"column":9},"end":{"line":757,"column":203}},"438":{"start":{"line":757,"column":42},"end":{"line":757,"column":202}},"439":{"start":{"line":758,"column":9},"end":{"line":758,"column":157}},"440":{"start":{"line":758,"column":46},"end":{"line":758,"column":156}},"441":{"start":{"line":759,"column":9},"end":{"line":759,"column":325}},"442":{"start":{"line":759,"column":44},"end":{"line":759,"column":324}},"443":{"start":{"line":760,"column":9},"end":{"line":760,"column":148}},"444":{"start":{"line":760,"column":48},"end":{"line":760,"column":147}},"445":{"start":{"line":761,"column":9},"end":{"line":761,"column":190}},"446":{"start":{"line":761,"column":46},"end":{"line":761,"column":189}},"447":{"start":{"line":762,"column":9},"end":{"line":762,"column":61}},"448":{"start":{"line":763,"column":9},"end":{"line":763,"column":34}},"449":{"start":{"line":764,"column":9},"end":{"line":764,"column":28}},"450":{"start":{"line":765,"column":9},"end":{"line":765,"column":26}},"451":{"start":{"line":766,"column":9},"end":{"line":766,"column":40}},"452":{"start":{"line":769,"column":9},"end":{"line":769,"column":39}},"453":{"start":{"line":772,"column":9},"end":{"line":777,"column":10}},"454":{"start":{"line":773,"column":13},"end":{"line":773,"column":99}},"455":{"start":{"line":774,"column":13},"end":{"line":776,"column":14}},"456":{"start":{"line":775,"column":17},"end":{"line":775,"column":35}},"457":{"start":{"line":778,"column":9},"end":{"line":778,"column":21}},"458":{"start":{"line":782,"column":5},"end":{"line":782,"column":47}},"459":{"start":{"line":785,"column":30},"end":{"line":788,"column":3}},"460":{"start":{"line":790,"column":1},"end":{"line":790,"column":32}},"461":{"start":{"line":791,"column":1},"end":{"line":791,"column":42}},"462":{"start":{"line":792,"column":1},"end":{"line":792,"column":34}},"463":{"start":{"line":793,"column":1},"end":{"line":793,"column":36}},"464":{"start":{"line":794,"column":1},"end":{"line":794,"column":32}},"465":{"start":{"line":795,"column":1},"end":{"line":795,"column":34}},"466":{"start":{"line":796,"column":1},"end":{"line":796,"column":40}},"467":{"start":{"line":797,"column":1},"end":{"line":797,"column":44}},"468":{"start":{"line":798,"column":1},"end":{"line":798,"column":34}},"469":{"start":{"line":799,"column":1},"end":{"line":801,"column":3}},"470":{"start":{"line":800,"column":5},"end":{"line":800,"column":59}},"471":{"start":{"line":802,"column":1},"end":{"line":804,"column":3}},"472":{"start":{"line":803,"column":5},"end":{"line":803,"column":62}},"473":{"start":{"line":805,"column":1},"end":{"line":807,"column":3}},"474":{"start":{"line":806,"column":5},"end":{"line":806,"column":48}},"475":{"start":{"line":808,"column":1},"end":{"line":810,"column":3}},"476":{"start":{"line":809,"column":5},"end":{"line":809,"column":63}},"477":{"start":{"line":811,"column":1},"end":{"line":813,"column":3}},"478":{"start":{"line":812,"column":5},"end":{"line":812,"column":48}},"479":{"start":{"line":814,"column":1},"end":{"line":816,"column":3}},"480":{"start":{"line":815,"column":5},"end":{"line":815,"column":48}},"481":{"start":{"line":817,"column":1},"end":{"line":819,"column":3}},"482":{"start":{"line":818,"column":5},"end":{"line":818,"column":55}},"483":{"start":{"line":820,"column":1},"end":{"line":822,"column":3}},"484":{"start":{"line":821,"column":5},"end":{"line":821,"column":75}},"485":{"start":{"line":823,"column":1},"end":{"line":833,"column":2}},"486":{"start":{"line":824,"column":5},"end":{"line":824,"column":13}},"487":{"start":{"line":825,"column":5},"end":{"line":827,"column":7}},"488":{"start":{"line":826,"column":9},"end":{"line":826,"column":22}},"489":{"start":{"line":829,"column":6},"end":{"line":833,"column":2}},"490":{"start":{"line":830,"column":5},"end":{"line":832,"column":8}},"491":{"start":{"line":831,"column":9},"end":{"line":831,"column":37}},"492":{"start":{"line":834,"column":15},"end":{"line":834,"column":26}},"493":{"start":{"line":835,"column":15},"end":{"line":835,"column":20}},"494":{"start":{"line":836,"column":20},"end":{"line":836,"column":32}},"495":{"start":{"line":837,"column":15},"end":{"line":837,"column":20}},"496":{"start":{"line":838,"column":15},"end":{"line":838,"column":22}},"497":{"start":{"line":839,"column":17},"end":{"line":839,"column":26}},"498":{"start":{"line":840,"column":17},"end":{"line":840,"column":26}},"499":{"start":{"line":842,"column":1},"end":{"line":842,"column":23}},"500":{"start":{"line":843,"column":1},"end":{"line":843,"column":23}},"501":{"start":{"line":844,"column":1},"end":{"line":844,"column":33}},"502":{"start":{"line":845,"column":1},"end":{"line":845,"column":23}},"503":{"start":{"line":846,"column":1},"end":{"line":846,"column":23}},"504":{"start":{"line":847,"column":1},"end":{"line":847,"column":27}},"505":{"start":{"line":848,"column":1},"end":{"line":848,"column":27}},"506":{"start":{"line":850,"column":1},"end":{"line":850,"column":63}}},"fnMap":{"0":{"name":"(anonymous_0)","decl":{"start":{"line":1,"column":1},"end":{"line":1,"column":2}},"loc":{"start":{"line":1,"column":28},"end":{"line":5,"column":1}},"line":1},"1":{"name":"(anonymous_1)","decl":{"start":{"line":5,"column":9},"end":{"line":5,"column":10}},"loc":{"start":{"line":5,"column":28},"end":{"line":852,"column":1}},"line":5},"2":{"name":"(anonymous_2)","decl":{"start":{"line":7,"column":17},"end":{"line":7,"column":18}},"loc":{"start":{"line":7,"column":29},"end":{"line":9,"column":2}},"line":7},"3":{"name":"(anonymous_3)","decl":{"start":{"line":10,"column":22},"end":{"line":10,"column":23}},"loc":{"start":{"line":10,"column":34},"end":{"line":12,"column":2}},"line":10},"4":{"name":"(anonymous_4)","decl":{"start":{"line":13,"column":18},"end":{"line":13,"column":19}},"loc":{"start":{"line":13,"column":33},"end":{"line":15,"column":2}},"line":13},"5":{"name":"(anonymous_5)","decl":{"start":{"line":16,"column":19},"end":{"line":16,"column":20}},"loc":{"start":{"line":16,"column":34},"end":{"line":18,"column":2}},"line":16},"6":{"name":"(anonymous_6)","decl":{"start":{"line":19,"column":17},"end":{"line":19,"column":18}},"loc":{"start":{"line":19,"column":42},"end":{"line":29,"column":2}},"line":19},"7":{"name":"(anonymous_7)","decl":{"start":{"line":30,"column":18},"end":{"line":30,"column":19}},"loc":{"start":{"line":30,"column":37},"end":{"line":46,"column":2}},"line":30},"8":{"name":"(anonymous_8)","decl":{"start":{"line":47,"column":21},"end":{"line":47,"column":22}},"loc":{"start":{"line":47,"column":33},"end":{"line":49,"column":2}},"line":47},"9":{"name":"(anonymous_9)","decl":{"start":{"line":48,"column":34},"end":{"line":48,"column":35}},"loc":{"start":{"line":48,"column":44},"end":{"line":48,"column":59}},"line":48},"10":{"name":"(anonymous_10)","decl":{"start":{"line":50,"column":23},"end":{"line":50,"column":24}},"loc":{"start":{"line":50,"column":35},"end":{"line":52,"column":2}},"line":50},"11":{"name":"(anonymous_11)","decl":{"start":{"line":51,"column":43},"end":{"line":51,"column":44}},"loc":{"start":{"line":51,"column":53},"end":{"line":51,"column":68}},"line":51},"12":{"name":"(anonymous_12)","decl":{"start":{"line":57,"column":20},"end":{"line":57,"column":21}},"loc":{"start":{"line":57,"column":44},"end":{"line":62,"column":2}},"line":57},"13":{"name":"(anonymous_13)","decl":{"start":{"line":63,"column":20},"end":{"line":63,"column":21}},"loc":{"start":{"line":63,"column":47},"end":{"line":67,"column":2}},"line":63},"14":{"name":"(anonymous_14)","decl":{"start":{"line":68,"column":18},"end":{"line":68,"column":19}},"loc":{"start":{"line":68,"column":33},"end":{"line":70,"column":2}},"line":68},"15":{"name":"(anonymous_15)","decl":{"start":{"line":71,"column":20},"end":{"line":71,"column":21}},"loc":{"start":{"line":71,"column":48},"end":{"line":89,"column":2}},"line":71},"16":{"name":"(anonymous_16)","decl":{"start":{"line":90,"column":18},"end":{"line":90,"column":19}},"loc":{"start":{"line":90,"column":33},"end":{"line":117,"column":2}},"line":90},"17":{"name":"(anonymous_17)","decl":{"start":{"line":98,"column":19},"end":{"line":98,"column":20}},"loc":{"start":{"line":98,"column":29},"end":{"line":102,"column":6}},"line":98},"18":{"name":"(anonymous_18)","decl":{"start":{"line":106,"column":23},"end":{"line":106,"column":24}},"loc":{"start":{"line":106,"column":33},"end":{"line":108,"column":10}},"line":106},"19":{"name":"(anonymous_19)","decl":{"start":{"line":114,"column":70},"end":{"line":114,"column":71}},"loc":{"start":{"line":114,"column":75},"end":{"line":114,"column":85}},"line":114},"20":{"name":"(anonymous_20)","decl":{"start":{"line":114,"column":104},"end":{"line":114,"column":105}},"loc":{"start":{"line":114,"column":109},"end":{"line":116,"column":10}},"line":114},"21":{"name":"(anonymous_21)","decl":{"start":{"line":118,"column":18},"end":{"line":118,"column":19}},"loc":{"start":{"line":118,"column":33},"end":{"line":120,"column":2}},"line":118},"22":{"name":"tCheckType$1","decl":{"start":{"line":122,"column":10},"end":{"line":122,"column":22}},"loc":{"start":{"line":122,"column":28},"end":{"line":124,"column":2}},"line":122},"23":{"name":"testMoveUp","decl":{"start":{"line":126,"column":10},"end":{"line":126,"column":20}},"loc":{"start":{"line":126,"column":67},"end":{"line":137,"column":2}},"line":126},"24":{"name":"testMoveDown","decl":{"start":{"line":138,"column":10},"end":{"line":138,"column":22}},"loc":{"start":{"line":138,"column":69},"end":{"line":151,"column":2}},"line":138},"25":{"name":"arrInsert","decl":{"start":{"line":152,"column":10},"end":{"line":152,"column":19}},"loc":{"start":{"line":152,"column":48},"end":{"line":164,"column":2}},"line":152},"26":{"name":"arrMoveItem","decl":{"start":{"line":165,"column":10},"end":{"line":165,"column":21}},"loc":{"start":{"line":165,"column":68},"end":{"line":184,"column":2}},"line":165},"27":{"name":"sortASC","decl":{"start":{"line":186,"column":10},"end":{"line":186,"column":17}},"loc":{"start":{"line":186,"column":24},"end":{"line":196,"column":2}},"line":186},"28":{"name":"sortDESC","decl":{"start":{"line":197,"column":10},"end":{"line":197,"column":18}},"loc":{"start":{"line":197,"column":25},"end":{"line":207,"column":2}},"line":197},"29":{"name":"(anonymous_29)","decl":{"start":{"line":209,"column":19},"end":{"line":209,"column":20}},"loc":{"start":{"line":209,"column":28},"end":{"line":209,"column":67}},"line":209},"30":{"name":"(anonymous_30)","decl":{"start":{"line":209,"column":46},"end":{"line":209,"column":47}},"loc":{"start":{"line":209,"column":51},"end":{"line":209,"column":66}},"line":209},"31":{"name":"(anonymous_31)","decl":{"start":{"line":210,"column":19},"end":{"line":210,"column":20}},"loc":{"start":{"line":210,"column":39},"end":{"line":210,"column":119}},"line":210},"32":{"name":"(anonymous_32)","decl":{"start":{"line":210,"column":109},"end":{"line":210,"column":110}},"loc":{"start":{"line":210,"column":114},"end":{"line":210,"column":116}},"line":210},"33":{"name":"(anonymous_33)","decl":{"start":{"line":211,"column":25},"end":{"line":211,"column":26}},"loc":{"start":{"line":211,"column":31},"end":{"line":221,"column":2}},"line":211},"34":{"name":"(anonymous_34)","decl":{"start":{"line":224,"column":17},"end":{"line":224,"column":18}},"loc":{"start":{"line":224,"column":29},"end":{"line":226,"column":6}},"line":224},"35":{"name":"(anonymous_35)","decl":{"start":{"line":230,"column":17},"end":{"line":230,"column":18}},"loc":{"start":{"line":230,"column":29},"end":{"line":232,"column":6}},"line":230},"36":{"name":"(anonymous_36)","decl":{"start":{"line":237,"column":5},"end":{"line":237,"column":6}},"loc":{"start":{"line":237,"column":19},"end":{"line":237,"column":22}},"line":237},"37":{"name":"bline","decl":{"start":{"line":280,"column":10},"end":{"line":280,"column":15}},"loc":{"start":{"line":280,"column":18},"end":{"line":283,"column":2}},"line":280},"38":{"name":"(anonymous_38)","decl":{"start":{"line":282,"column":62},"end":{"line":282,"column":63}},"loc":{"start":{"line":282,"column":67},"end":{"line":282,"column":69}},"line":282},"39":{"name":"techo","decl":{"start":{"line":284,"column":10},"end":{"line":284,"column":15}},"loc":{"start":{"line":284,"column":34},"end":{"line":300,"column":2}},"line":284},"40":{"name":"(anonymous_40)","decl":{"start":{"line":286,"column":19},"end":{"line":286,"column":20}},"loc":{"start":{"line":286,"column":36},"end":{"line":286,"column":47}},"line":286},"41":{"name":"(anonymous_41)","decl":{"start":{"line":314,"column":20},"end":{"line":314,"column":21}},"loc":{"start":{"line":314,"column":40},"end":{"line":330,"column":2}},"line":314},"42":{"name":"(anonymous_42)","decl":{"start":{"line":315,"column":25},"end":{"line":315,"column":26}},"loc":{"start":{"line":315,"column":43},"end":{"line":315,"column":70}},"line":315},"43":{"name":"(anonymous_43)","decl":{"start":{"line":327,"column":86},"end":{"line":327,"column":87}},"loc":{"start":{"line":327,"column":93},"end":{"line":329,"column":6}},"line":327},"44":{"name":"(anonymous_44)","decl":{"start":{"line":331,"column":23},"end":{"line":331,"column":24}},"loc":{"start":{"line":331,"column":32},"end":{"line":338,"column":2}},"line":331},"45":{"name":"(anonymous_45)","decl":{"start":{"line":340,"column":5},"end":{"line":340,"column":6}},"loc":{"start":{"line":340,"column":26},"end":{"line":506,"column":6}},"line":340},"46":{"name":"(anonymous_46)","decl":{"start":{"line":341,"column":23},"end":{"line":341,"column":24}},"loc":{"start":{"line":341,"column":32},"end":{"line":343,"column":10}},"line":341},"47":{"name":"(anonymous_47)","decl":{"start":{"line":344,"column":27},"end":{"line":344,"column":28}},"loc":{"start":{"line":344,"column":59},"end":{"line":365,"column":10}},"line":344},"48":{"name":"(anonymous_48)","decl":{"start":{"line":356,"column":26},"end":{"line":356,"column":27}},"loc":{"start":{"line":356,"column":35},"end":{"line":356,"column":96}},"line":356},"49":{"name":"(anonymous_49)","decl":{"start":{"line":362,"column":50},"end":{"line":362,"column":51}},"loc":{"start":{"line":362,"column":55},"end":{"line":362,"column":62}},"line":362},"50":{"name":"(anonymous_50)","decl":{"start":{"line":366,"column":30},"end":{"line":366,"column":31}},"loc":{"start":{"line":366,"column":51},"end":{"line":375,"column":10}},"line":366},"51":{"name":"(anonymous_51)","decl":{"start":{"line":376,"column":27},"end":{"line":376,"column":28}},"loc":{"start":{"line":376,"column":33},"end":{"line":378,"column":10}},"line":376},"52":{"name":"(anonymous_52)","decl":{"start":{"line":379,"column":30},"end":{"line":379,"column":31}},"loc":{"start":{"line":379,"column":47},"end":{"line":381,"column":10}},"line":379},"53":{"name":"(anonymous_53)","decl":{"start":{"line":382,"column":24},"end":{"line":382,"column":25}},"loc":{"start":{"line":382,"column":35},"end":{"line":391,"column":10}},"line":382},"54":{"name":"(anonymous_54)","decl":{"start":{"line":392,"column":31},"end":{"line":392,"column":32}},"loc":{"start":{"line":392,"column":42},"end":{"line":400,"column":10}},"line":392},"55":{"name":"(anonymous_55)","decl":{"start":{"line":401,"column":30},"end":{"line":401,"column":31}},"loc":{"start":{"line":401,"column":41},"end":{"line":403,"column":10}},"line":401},"56":{"name":"(anonymous_56)","decl":{"start":{"line":404,"column":27},"end":{"line":404,"column":28}},"loc":{"start":{"line":404,"column":38},"end":{"line":413,"column":10}},"line":404},"57":{"name":"(anonymous_57)","decl":{"start":{"line":414,"column":26},"end":{"line":414,"column":27}},"loc":{"start":{"line":414,"column":49},"end":{"line":431,"column":10}},"line":414},"58":{"name":"(anonymous_58)","decl":{"start":{"line":432,"column":24},"end":{"line":432,"column":25}},"loc":{"start":{"line":432,"column":49},"end":{"line":468,"column":10}},"line":432},"59":{"name":"(anonymous_59)","decl":{"start":{"line":439,"column":32},"end":{"line":439,"column":33}},"loc":{"start":{"line":439,"column":50},"end":{"line":439,"column":67}},"line":439},"60":{"name":"(anonymous_60)","decl":{"start":{"line":469,"column":25},"end":{"line":469,"column":26}},"loc":{"start":{"line":469,"column":56},"end":{"line":482,"column":10}},"line":469},"61":{"name":"(anonymous_61)","decl":{"start":{"line":483,"column":23},"end":{"line":483,"column":24}},"loc":{"start":{"line":483,"column":34},"end":{"line":501,"column":10}},"line":483},"62":{"name":"(anonymous_62)","decl":{"start":{"line":502,"column":22},"end":{"line":502,"column":23}},"loc":{"start":{"line":502,"column":38},"end":{"line":504,"column":10}},"line":502},"63":{"name":"(anonymous_63)","decl":{"start":{"line":503,"column":101},"end":{"line":503,"column":102}},"loc":{"start":{"line":503,"column":106},"end":{"line":503,"column":108}},"line":503},"64":{"name":"(anonymous_64)","decl":{"start":{"line":507,"column":5},"end":{"line":507,"column":6}},"loc":{"start":{"line":507,"column":18},"end":{"line":510,"column":6}},"line":507},"65":{"name":"(anonymous_65)","decl":{"start":{"line":511,"column":5},"end":{"line":511,"column":6}},"loc":{"start":{"line":511,"column":15},"end":{"line":513,"column":6}},"line":511},"66":{"name":"(anonymous_66)","decl":{"start":{"line":514,"column":5},"end":{"line":514,"column":6}},"loc":{"start":{"line":514,"column":16},"end":{"line":516,"column":6}},"line":514},"67":{"name":"(anonymous_67)","decl":{"start":{"line":517,"column":5},"end":{"line":517,"column":6}},"loc":{"start":{"line":517,"column":17},"end":{"line":519,"column":6}},"line":517},"68":{"name":"(anonymous_68)","decl":{"start":{"line":520,"column":5},"end":{"line":520,"column":6}},"loc":{"start":{"line":520,"column":15},"end":{"line":522,"column":6}},"line":520},"69":{"name":"(anonymous_69)","decl":{"start":{"line":523,"column":5},"end":{"line":523,"column":6}},"loc":{"start":{"line":523,"column":16},"end":{"line":525,"column":6}},"line":523},"70":{"name":"(anonymous_70)","decl":{"start":{"line":526,"column":5},"end":{"line":526,"column":6}},"loc":{"start":{"line":526,"column":18},"end":{"line":528,"column":6}},"line":526},"71":{"name":"(anonymous_71)","decl":{"start":{"line":529,"column":5},"end":{"line":529,"column":6}},"loc":{"start":{"line":529,"column":18},"end":{"line":531,"column":6}},"line":529},"72":{"name":"(anonymous_72)","decl":{"start":{"line":532,"column":5},"end":{"line":532,"column":6}},"loc":{"start":{"line":532,"column":23},"end":{"line":534,"column":6}},"line":532},"73":{"name":"(anonymous_73)","decl":{"start":{"line":535,"column":5},"end":{"line":535,"column":6}},"loc":{"start":{"line":535,"column":16},"end":{"line":537,"column":6}},"line":535},"74":{"name":"(anonymous_74)","decl":{"start":{"line":538,"column":5},"end":{"line":538,"column":6}},"loc":{"start":{"line":538,"column":19},"end":{"line":541,"column":6}},"line":538},"75":{"name":"(anonymous_75)","decl":{"start":{"line":542,"column":5},"end":{"line":542,"column":6}},"loc":{"start":{"line":542,"column":17},"end":{"line":572,"column":6}},"line":542},"76":{"name":"(anonymous_76)","decl":{"start":{"line":573,"column":5},"end":{"line":573,"column":6}},"loc":{"start":{"line":573,"column":16},"end":{"line":589,"column":6}},"line":573},"77":{"name":"(anonymous_77)","decl":{"start":{"line":590,"column":5},"end":{"line":590,"column":6}},"loc":{"start":{"line":590,"column":18},"end":{"line":592,"column":6}},"line":590},"78":{"name":"(anonymous_78)","decl":{"start":{"line":593,"column":5},"end":{"line":593,"column":6}},"loc":{"start":{"line":593,"column":26},"end":{"line":595,"column":6}},"line":593},"79":{"name":"(anonymous_79)","decl":{"start":{"line":596,"column":5},"end":{"line":596,"column":6}},"loc":{"start":{"line":596,"column":23},"end":{"line":598,"column":6}},"line":596},"80":{"name":"(anonymous_80)","decl":{"start":{"line":599,"column":5},"end":{"line":599,"column":6}},"loc":{"start":{"line":599,"column":23},"end":{"line":601,"column":6}},"line":599},"81":{"name":"(anonymous_81)","decl":{"start":{"line":602,"column":5},"end":{"line":602,"column":6}},"loc":{"start":{"line":602,"column":25},"end":{"line":607,"column":6}},"line":602},"82":{"name":"(anonymous_82)","decl":{"start":{"line":604,"column":85},"end":{"line":604,"column":86}},"loc":{"start":{"line":604,"column":90},"end":{"line":604,"column":119}},"line":604},"83":{"name":"(anonymous_83)","decl":{"start":{"line":604,"column":128},"end":{"line":604,"column":129}},"loc":{"start":{"line":604,"column":143},"end":{"line":606,"column":10}},"line":604},"84":{"name":"(anonymous_84)","decl":{"start":{"line":608,"column":5},"end":{"line":608,"column":6}},"loc":{"start":{"line":608,"column":22},"end":{"line":610,"column":6}},"line":608},"85":{"name":"(anonymous_85)","decl":{"start":{"line":611,"column":5},"end":{"line":611,"column":6}},"loc":{"start":{"line":611,"column":23},"end":{"line":613,"column":6}},"line":611},"86":{"name":"(anonymous_86)","decl":{"start":{"line":614,"column":5},"end":{"line":614,"column":6}},"loc":{"start":{"line":614,"column":24},"end":{"line":616,"column":6}},"line":614},"87":{"name":"(anonymous_87)","decl":{"start":{"line":617,"column":5},"end":{"line":617,"column":6}},"loc":{"start":{"line":617,"column":26},"end":{"line":619,"column":6}},"line":617},"88":{"name":"(anonymous_88)","decl":{"start":{"line":620,"column":5},"end":{"line":620,"column":6}},"loc":{"start":{"line":620,"column":23},"end":{"line":622,"column":6}},"line":620},"89":{"name":"(anonymous_89)","decl":{"start":{"line":623,"column":5},"end":{"line":623,"column":6}},"loc":{"start":{"line":623,"column":19},"end":{"line":626,"column":6}},"line":623},"90":{"name":"(anonymous_90)","decl":{"start":{"line":627,"column":5},"end":{"line":627,"column":6}},"loc":{"start":{"line":627,"column":23},"end":{"line":629,"column":6}},"line":627},"91":{"name":"(anonymous_91)","decl":{"start":{"line":630,"column":5},"end":{"line":630,"column":6}},"loc":{"start":{"line":630,"column":22},"end":{"line":632,"column":6}},"line":630},"92":{"name":"tdate","decl":{"start":{"line":634,"column":10},"end":{"line":634,"column":15}},"loc":{"start":{"line":634,"column":21},"end":{"line":660,"column":2}},"line":634},"93":{"name":"(anonymous_93)","decl":{"start":{"line":670,"column":25},"end":{"line":670,"column":26}},"loc":{"start":{"line":670,"column":46},"end":{"line":700,"column":6}},"line":670},"94":{"name":"(anonymous_94)","decl":{"start":{"line":701,"column":21},"end":{"line":701,"column":22}},"loc":{"start":{"line":701,"column":31},"end":{"line":713,"column":6}},"line":701},"95":{"name":"(anonymous_95)","decl":{"start":{"line":727,"column":5},"end":{"line":727,"column":6}},"loc":{"start":{"line":727,"column":40},"end":{"line":767,"column":6}},"line":727},"96":{"name":"(anonymous_96)","decl":{"start":{"line":728,"column":22},"end":{"line":728,"column":23}},"loc":{"start":{"line":728,"column":45},"end":{"line":739,"column":10}},"line":728},"97":{"name":"(anonymous_97)","decl":{"start":{"line":740,"column":28},"end":{"line":740,"column":29}},"loc":{"start":{"line":740,"column":51},"end":{"line":740,"column":111}},"line":740},"98":{"name":"(anonymous_98)","decl":{"start":{"line":741,"column":29},"end":{"line":741,"column":30}},"loc":{"start":{"line":741,"column":52},"end":{"line":741,"column":142}},"line":741},"99":{"name":"(anonymous_99)","decl":{"start":{"line":742,"column":25},"end":{"line":742,"column":26}},"loc":{"start":{"line":742,"column":48},"end":{"line":742,"column":121}},"line":742},"100":{"name":"(anonymous_100)","decl":{"start":{"line":743,"column":26},"end":{"line":743,"column":27}},"loc":{"start":{"line":743,"column":49},"end":{"line":743,"column":124}},"line":743},"101":{"name":"(anonymous_101)","decl":{"start":{"line":744,"column":25},"end":{"line":744,"column":26}},"loc":{"start":{"line":744,"column":48},"end":{"line":744,"column":290}},"line":744},"102":{"name":"(anonymous_102)","decl":{"start":{"line":745,"column":21},"end":{"line":745,"column":22}},"loc":{"start":{"line":745,"column":44},"end":{"line":745,"column":306}},"line":745},"103":{"name":"(anonymous_103)","decl":{"start":{"line":746,"column":20},"end":{"line":746,"column":21}},"loc":{"start":{"line":746,"column":43},"end":{"line":746,"column":114}},"line":746},"104":{"name":"(anonymous_104)","decl":{"start":{"line":747,"column":23},"end":{"line":747,"column":24}},"loc":{"start":{"line":747,"column":46},"end":{"line":747,"column":111}},"line":747},"105":{"name":"(anonymous_105)","decl":{"start":{"line":748,"column":23},"end":{"line":748,"column":24}},"loc":{"start":{"line":748,"column":46},"end":{"line":748,"column":117}},"line":748},"106":{"name":"(anonymous_106)","decl":{"start":{"line":749,"column":23},"end":{"line":749,"column":24}},"loc":{"start":{"line":749,"column":46},"end":{"line":749,"column":118}},"line":749},"107":{"name":"(anonymous_107)","decl":{"start":{"line":750,"column":26},"end":{"line":750,"column":27}},"loc":{"start":{"line":750,"column":49},"end":{"line":750,"column":116}},"line":750},"108":{"name":"(anonymous_108)","decl":{"start":{"line":751,"column":26},"end":{"line":751,"column":27}},"loc":{"start":{"line":751,"column":49},"end":{"line":751,"column":117}},"line":751},"109":{"name":"(anonymous_109)","decl":{"start":{"line":752,"column":22},"end":{"line":752,"column":23}},"loc":{"start":{"line":752,"column":45},"end":{"line":752,"column":166}},"line":752},"110":{"name":"(anonymous_110)","decl":{"start":{"line":753,"column":23},"end":{"line":753,"column":24}},"loc":{"start":{"line":753,"column":46},"end":{"line":753,"column":127}},"line":753},"111":{"name":"(anonymous_111)","decl":{"start":{"line":754,"column":25},"end":{"line":754,"column":26}},"loc":{"start":{"line":754,"column":48},"end":{"line":754,"column":148}},"line":754},"112":{"name":"(anonymous_112)","decl":{"start":{"line":755,"column":23},"end":{"line":755,"column":24}},"loc":{"start":{"line":755,"column":46},"end":{"line":755,"column":207}},"line":755},"113":{"name":"(anonymous_113)","decl":{"start":{"line":756,"column":20},"end":{"line":756,"column":21}},"loc":{"start":{"line":756,"column":43},"end":{"line":756,"column":181}},"line":756},"114":{"name":"(anonymous_114)","decl":{"start":{"line":757,"column":19},"end":{"line":757,"column":20}},"loc":{"start":{"line":757,"column":42},"end":{"line":757,"column":202}},"line":757},"115":{"name":"(anonymous_115)","decl":{"start":{"line":758,"column":23},"end":{"line":758,"column":24}},"loc":{"start":{"line":758,"column":46},"end":{"line":758,"column":156}},"line":758},"116":{"name":"(anonymous_116)","decl":{"start":{"line":759,"column":21},"end":{"line":759,"column":22}},"loc":{"start":{"line":759,"column":44},"end":{"line":759,"column":324}},"line":759},"117":{"name":"(anonymous_117)","decl":{"start":{"line":760,"column":25},"end":{"line":760,"column":26}},"loc":{"start":{"line":760,"column":48},"end":{"line":760,"column":147}},"line":760},"118":{"name":"(anonymous_118)","decl":{"start":{"line":761,"column":23},"end":{"line":761,"column":24}},"loc":{"start":{"line":761,"column":46},"end":{"line":761,"column":189}},"line":761},"119":{"name":"(anonymous_119)","decl":{"start":{"line":768,"column":5},"end":{"line":768,"column":6}},"loc":{"start":{"line":768,"column":16},"end":{"line":770,"column":6}},"line":768},"120":{"name":"(anonymous_120)","decl":{"start":{"line":771,"column":5},"end":{"line":771,"column":6}},"loc":{"start":{"line":771,"column":44},"end":{"line":779,"column":6}},"line":771},"121":{"name":"tVerifi$1","decl":{"start":{"line":781,"column":10},"end":{"line":781,"column":19}},"loc":{"start":{"line":781,"column":43},"end":{"line":783,"column":2}},"line":781},"122":{"name":"(anonymous_122)","decl":{"start":{"line":799,"column":28},"end":{"line":799,"column":29}},"loc":{"start":{"line":799,"column":55},"end":{"line":801,"column":2}},"line":799},"123":{"name":"(anonymous_123)","decl":{"start":{"line":802,"column":28},"end":{"line":802,"column":29}},"loc":{"start":{"line":802,"column":50},"end":{"line":804,"column":2}},"line":802},"124":{"name":"(anonymous_124)","decl":{"start":{"line":805,"column":26},"end":{"line":805,"column":27}},"loc":{"start":{"line":805,"column":38},"end":{"line":807,"column":2}},"line":805},"125":{"name":"(anonymous_125)","decl":{"start":{"line":808,"column":28},"end":{"line":808,"column":29}},"loc":{"start":{"line":808,"column":51},"end":{"line":810,"column":2}},"line":808},"126":{"name":"(anonymous_126)","decl":{"start":{"line":811,"column":26},"end":{"line":811,"column":27}},"loc":{"start":{"line":811,"column":38},"end":{"line":813,"column":2}},"line":811},"127":{"name":"(anonymous_127)","decl":{"start":{"line":814,"column":26},"end":{"line":814,"column":27}},"loc":{"start":{"line":814,"column":38},"end":{"line":816,"column":2}},"line":814},"128":{"name":"(anonymous_128)","decl":{"start":{"line":817,"column":28},"end":{"line":817,"column":29}},"loc":{"start":{"line":817,"column":65},"end":{"line":819,"column":2}},"line":817},"129":{"name":"(anonymous_129)","decl":{"start":{"line":820,"column":26},"end":{"line":820,"column":27}},"loc":{"start":{"line":820,"column":94},"end":{"line":822,"column":2}},"line":820},"130":{"name":"(anonymous_130)","decl":{"start":{"line":825,"column":22},"end":{"line":825,"column":23}},"loc":{"start":{"line":825,"column":45},"end":{"line":827,"column":6}},"line":825},"131":{"name":"(anonymous_131)","decl":{"start":{"line":830,"column":37},"end":{"line":830,"column":38}},"loc":{"start":{"line":830,"column":52},"end":{"line":832,"column":6}},"line":830}},"branchMap":{"0":{"loc":{"start":{"line":2,"column":1},"end":{"line":4,"column":103}},"type":"cond-expr","locations":[{"start":{"line":2,"column":64},"end":{"line":2,"column":80}},{"start":{"line":3,"column":1},"end":{"line":4,"column":103}}],"line":2},"1":{"loc":{"start":{"line":2,"column":1},"end":{"line":2,"column":61}},"type":"binary-expr","locations":[{"start":{"line":2,"column":1},"end":{"line":2,"column":28}},{"start":{"line":2,"column":32},"end":{"line":2,"column":61}}],"line":2},"2":{"loc":{"start":{"line":3,"column":1},"end":{"line":4,"column":103}},"type":"cond-expr","locations":[{"start":{"line":3,"column":46},"end":{"line":3,"column":74}},{"start":{"line":4,"column":2},"end":{"line":4,"column":102}}],"line":3},"3":{"loc":{"start":{"line":3,"column":1},"end":{"line":3,"column":43}},"type":"binary-expr","locations":[{"start":{"line":3,"column":1},"end":{"line":3,"column":29}},{"start":{"line":3,"column":33},"end":{"line":3,"column":43}}],"line":3},"4":{"loc":{"start":{"line":4,"column":11},"end":{"line":4,"column":74}},"type":"cond-expr","locations":[{"start":{"line":4,"column":47},"end":{"line":4,"column":57}},{"start":{"line":4,"column":60},"end":{"line":4,"column":74}}],"line":4},"5":{"loc":{"start":{"line":4,"column":60},"end":{"line":4,"column":74}},"type":"binary-expr","locations":[{"start":{"line":4,"column":60},"end":{"line":4,"column":66}},{"start":{"line":4,"column":70},"end":{"line":4,"column":74}}],"line":4},"6":{"loc":{"start":{"line":11,"column":12},"end":{"line":11,"column":52}},"type":"binary-expr","locations":[{"start":{"line":11,"column":13},"end":{"line":11,"column":27}},{"start":{"line":11,"column":31},"end":{"line":11,"column":32}},{"start":{"line":11,"column":37},"end":{"line":11,"column":52}}],"line":11},"7":{"loc":{"start":{"line":14,"column":13},"end":{"line":14,"column":23}},"type":"binary-expr","locations":[{"start":{"line":14,"column":13},"end":{"line":14,"column":17}},{"start":{"line":14,"column":21},"end":{"line":14,"column":23}}],"line":14},"8":{"loc":{"start":{"line":17,"column":13},"end":{"line":17,"column":23}},"type":"binary-expr","locations":[{"start":{"line":17,"column":13},"end":{"line":17,"column":17}},{"start":{"line":17,"column":21},"end":{"line":17,"column":23}}],"line":17},"9":{"loc":{"start":{"line":20,"column":5},"end":{"line":28,"column":6}},"type":"if","locations":[{"start":{"line":20,"column":5},"end":{"line":28,"column":6}},{"start":{"line":20,"column":5},"end":{"line":28,"column":6}}],"line":20},"10":{"loc":{"start":{"line":21,"column":17},"end":{"line":21,"column":27}},"type":"binary-expr","locations":[{"start":{"line":21,"column":17},"end":{"line":21,"column":21}},{"start":{"line":21,"column":25},"end":{"line":21,"column":27}}],"line":21},"11":{"loc":{"start":{"line":23,"column":10},"end":{"line":28,"column":6}},"type":"if","locations":[{"start":{"line":23,"column":10},"end":{"line":28,"column":6}},{"start":{"line":23,"column":10},"end":{"line":28,"column":6}}],"line":23},"12":{"loc":{"start":{"line":24,"column":17},"end":{"line":24,"column":27}},"type":"binary-expr","locations":[{"start":{"line":24,"column":17},"end":{"line":24,"column":21}},{"start":{"line":24,"column":25},"end":{"line":24,"column":27}}],"line":24},"13":{"loc":{"start":{"line":31,"column":5},"end":{"line":45,"column":6}},"type":"if","locations":[{"start":{"line":31,"column":5},"end":{"line":45,"column":6}},{"start":{"line":31,"column":5},"end":{"line":45,"column":6}}],"line":31},"14":{"loc":{"start":{"line":34,"column":10},"end":{"line":45,"column":6}},"type":"if","locations":[{"start":{"line":34,"column":10},"end":{"line":45,"column":6}},{"start":{"line":34,"column":10},"end":{"line":45,"column":6}}],"line":34},"15":{"loc":{"start":{"line":37,"column":10},"end":{"line":45,"column":6}},"type":"if","locations":[{"start":{"line":37,"column":10},"end":{"line":45,"column":6}},{"start":{"line":37,"column":10},"end":{"line":45,"column":6}}],"line":37},"16":{"loc":{"start":{"line":40,"column":10},"end":{"line":45,"column":6}},"type":"if","locations":[{"start":{"line":40,"column":10},"end":{"line":45,"column":6}},{"start":{"line":40,"column":10},"end":{"line":45,"column":6}}],"line":40},"17":{"loc":{"start":{"line":65,"column":32},"end":{"line":65,"column":84}},"type":"cond-expr","locations":[{"start":{"line":65,"column":70},"end":{"line":65,"column":71}},{"start":{"line":65,"column":74},"end":{"line":65,"column":84}}],"line":65},"18":{"loc":{"start":{"line":72,"column":20},"end":{"line":72,"column":30}},"type":"binary-expr","locations":[{"start":{"line":72,"column":20},"end":{"line":72,"column":25}},{"start":{"line":72,"column":29},"end":{"line":72,"column":30}}],"line":72},"19":{"loc":{"start":{"line":73,"column":5},"end":{"line":88,"column":6}},"type":"switch","locations":[{"start":{"line":74,"column":9},"end":{"line":75,"column":43}},{"start":{"line":76,"column":9},"end":{"line":77,"column":50}},{"start":{"line":78,"column":9},"end":{"line":79,"column":46}},{"start":{"line":80,"column":9},"end":{"line":87,"column":35}}],"line":73},"20":{"loc":{"start":{"line":73,"column":13},"end":{"line":73,"column":29}},"type":"binary-expr","locations":[{"start":{"line":73,"column":13},"end":{"line":73,"column":17}},{"start":{"line":73,"column":21},"end":{"line":73,"column":29}}],"line":73},"21":{"loc":{"start":{"line":84,"column":13},"end":{"line":86,"column":14}},"type":"if","locations":[{"start":{"line":84,"column":13},"end":{"line":86,"column":14}},{"start":{"line":84,"column":13},"end":{"line":86,"column":14}}],"line":84},"22":{"loc":{"start":{"line":84,"column":17},"end":{"line":84,"column":44}},"type":"binary-expr","locations":[{"start":{"line":84,"column":17},"end":{"line":84,"column":18}},{"start":{"line":84,"column":23},"end":{"line":84,"column":43}}],"line":84},"23":{"loc":{"start":{"line":93,"column":5},"end":{"line":94,"column":34}},"type":"if","locations":[{"start":{"line":93,"column":5},"end":{"line":94,"column":34}},{"start":{"line":93,"column":5},"end":{"line":94,"column":34}}],"line":93},"24":{"loc":{"start":{"line":100,"column":47},"end":{"line":100,"column":92}},"type":"cond-expr","locations":[{"start":{"line":100,"column":86},"end":{"line":100,"column":87}},{"start":{"line":100,"column":90},"end":{"line":100,"column":92}}],"line":100},"25":{"loc":{"start":{"line":100,"column":48},"end":{"line":100,"column":82}},"type":"binary-expr","locations":[{"start":{"line":100,"column":48},"end":{"line":100,"column":57}},{"start":{"line":100,"column":61},"end":{"line":100,"column":82}}],"line":100},"26":{"loc":{"start":{"line":103,"column":5},"end":{"line":113,"column":6}},"type":"if","locations":[{"start":{"line":103,"column":5},"end":{"line":113,"column":6}},{"start":{"line":103,"column":5},"end":{"line":113,"column":6}}],"line":103},"27":{"loc":{"start":{"line":103,"column":9},"end":{"line":103,"column":22}},"type":"binary-expr","locations":[{"start":{"line":103,"column":9},"end":{"line":103,"column":10}},{"start":{"line":103,"column":14},"end":{"line":103,"column":22}}],"line":103},"28":{"loc":{"start":{"line":131,"column":29},"end":{"line":131,"column":53}},"type":"binary-expr","locations":[{"start":{"line":131,"column":29},"end":{"line":131,"column":48}},{"start":{"line":131,"column":52},"end":{"line":131,"column":53}}],"line":131},"29":{"loc":{"start":{"line":135,"column":29},"end":{"line":135,"column":53}},"type":"binary-expr","locations":[{"start":{"line":135,"column":29},"end":{"line":135,"column":48}},{"start":{"line":135,"column":52},"end":{"line":135,"column":53}}],"line":135},"30":{"loc":{"start":{"line":144,"column":29},"end":{"line":144,"column":50}},"type":"binary-expr","locations":[{"start":{"line":144,"column":29},"end":{"line":144,"column":45}},{"start":{"line":144,"column":49},"end":{"line":144,"column":50}}],"line":144},"31":{"loc":{"start":{"line":148,"column":25},"end":{"line":148,"column":46}},"type":"binary-expr","locations":[{"start":{"line":148,"column":25},"end":{"line":148,"column":41}},{"start":{"line":148,"column":45},"end":{"line":148,"column":46}}],"line":148},"32":{"loc":{"start":{"line":153,"column":5},"end":{"line":163,"column":6}},"type":"if","locations":[{"start":{"line":153,"column":5},"end":{"line":163,"column":6}},{"start":{"line":153,"column":5},"end":{"line":163,"column":6}}],"line":153},"33":{"loc":{"start":{"line":156,"column":10},"end":{"line":163,"column":6}},"type":"if","locations":[{"start":{"line":156,"column":10},"end":{"line":163,"column":6}},{"start":{"line":156,"column":10},"end":{"line":163,"column":6}}],"line":156},"34":{"loc":{"start":{"line":159,"column":10},"end":{"line":163,"column":6}},"type":"if","locations":[{"start":{"line":159,"column":10},"end":{"line":163,"column":6}},{"start":{"line":159,"column":10},"end":{"line":163,"column":6}}],"line":159},"35":{"loc":{"start":{"line":167,"column":5},"end":{"line":183,"column":6}},"type":"if","locations":[{"start":{"line":167,"column":5},"end":{"line":183,"column":6}},{"start":{"line":167,"column":5},"end":{"line":183,"column":6}}],"line":167},"36":{"loc":{"start":{"line":168,"column":9},"end":{"line":173,"column":10}},"type":"if","locations":[{"start":{"line":168,"column":9},"end":{"line":173,"column":10}},{"start":{"line":168,"column":9},"end":{"line":173,"column":10}}],"line":168},"37":{"loc":{"start":{"line":171,"column":14},"end":{"line":173,"column":10}},"type":"if","locations":[{"start":{"line":171,"column":14},"end":{"line":173,"column":10}},{"start":{"line":171,"column":14},"end":{"line":173,"column":10}}],"line":171},"38":{"loc":{"start":{"line":177,"column":9},"end":{"line":182,"column":10}},"type":"if","locations":[{"start":{"line":177,"column":9},"end":{"line":182,"column":10}},{"start":{"line":177,"column":9},"end":{"line":182,"column":10}}],"line":177},"39":{"loc":{"start":{"line":180,"column":14},"end":{"line":182,"column":10}},"type":"if","locations":[{"start":{"line":180,"column":14},"end":{"line":182,"column":10}},{"start":{"line":180,"column":14},"end":{"line":182,"column":10}}],"line":180},"40":{"loc":{"start":{"line":187,"column":5},"end":{"line":195,"column":6}},"type":"if","locations":[{"start":{"line":187,"column":5},"end":{"line":195,"column":6}},{"start":{"line":187,"column":5},"end":{"line":195,"column":6}}],"line":187},"41":{"loc":{"start":{"line":190,"column":10},"end":{"line":195,"column":6}},"type":"if","locations":[{"start":{"line":190,"column":10},"end":{"line":195,"column":6}},{"start":{"line":190,"column":10},"end":{"line":195,"column":6}}],"line":190},"42":{"loc":{"start":{"line":190,"column":14},"end":{"line":190,"column":60}},"type":"binary-expr","locations":[{"start":{"line":190,"column":14},"end":{"line":190,"column":35}},{"start":{"line":190,"column":39},"end":{"line":190,"column":60}}],"line":190},"43":{"loc":{"start":{"line":198,"column":5},"end":{"line":206,"column":6}},"type":"if","locations":[{"start":{"line":198,"column":5},"end":{"line":206,"column":6}},{"start":{"line":198,"column":5},"end":{"line":206,"column":6}}],"line":198},"44":{"loc":{"start":{"line":201,"column":10},"end":{"line":206,"column":6}},"type":"if","locations":[{"start":{"line":201,"column":10},"end":{"line":206,"column":6}},{"start":{"line":201,"column":10},"end":{"line":206,"column":6}}],"line":201},"45":{"loc":{"start":{"line":201,"column":14},"end":{"line":201,"column":60}},"type":"binary-expr","locations":[{"start":{"line":201,"column":14},"end":{"line":201,"column":35}},{"start":{"line":201,"column":39},"end":{"line":201,"column":60}}],"line":201},"46":{"loc":{"start":{"line":210,"column":25},"end":{"line":210,"column":34}},"type":"default-arg","locations":[{"start":{"line":210,"column":31},"end":{"line":210,"column":34}}],"line":210},"47":{"loc":{"start":{"line":210,"column":63},"end":{"line":210,"column":117}},"type":"cond-expr","locations":[{"start":{"line":210,"column":84},"end":{"line":210,"column":87}},{"start":{"line":210,"column":90},"end":{"line":210,"column":117}}],"line":210},"48":{"loc":{"start":{"line":288,"column":29},"end":{"line":288,"column":147}},"type":"cond-expr","locations":[{"start":{"line":288,"column":48},"end":{"line":288,"column":98}},{"start":{"line":288,"column":103},"end":{"line":288,"column":146}}],"line":288},"49":{"loc":{"start":{"line":288,"column":48},"end":{"line":288,"column":98}},"type":"binary-expr","locations":[{"start":{"line":288,"column":48},"end":{"line":288,"column":74}},{"start":{"line":288,"column":78},"end":{"line":288,"column":98}}],"line":288},"50":{"loc":{"start":{"line":288,"column":103},"end":{"line":288,"column":146}},"type":"binary-expr","locations":[{"start":{"line":288,"column":103},"end":{"line":288,"column":122}},{"start":{"line":288,"column":126},"end":{"line":288,"column":146}}],"line":288},"51":{"loc":{"start":{"line":289,"column":5},"end":{"line":299,"column":6}},"type":"if","locations":[{"start":{"line":289,"column":5},"end":{"line":299,"column":6}},{"start":{"line":289,"column":5},"end":{"line":299,"column":6}}],"line":289},"52":{"loc":{"start":{"line":290,"column":34},"end":{"line":290,"column":44}},"type":"binary-expr","locations":[{"start":{"line":290,"column":34},"end":{"line":290,"column":39}},{"start":{"line":290,"column":43},"end":{"line":290,"column":44}}],"line":290},"53":{"loc":{"start":{"line":291,"column":25},"end":{"line":291,"column":141}},"type":"binary-expr","locations":[{"start":{"line":291,"column":26},"end":{"line":291,"column":30}},{"start":{"line":291,"column":37},"end":{"line":291,"column":51}},{"start":{"line":291,"column":56},"end":{"line":291,"column":69}},{"start":{"line":291,"column":76},"end":{"line":291,"column":91}},{"start":{"line":291,"column":96},"end":{"line":291,"column":108}},{"start":{"line":291,"column":113},"end":{"line":291,"column":124}},{"start":{"line":291,"column":130},"end":{"line":291,"column":141}}],"line":291},"54":{"loc":{"start":{"line":294,"column":10},"end":{"line":299,"column":6}},"type":"if","locations":[{"start":{"line":294,"column":10},"end":{"line":299,"column":6}},{"start":{"line":294,"column":10},"end":{"line":299,"column":6}}],"line":294},"55":{"loc":{"start":{"line":295,"column":38},"end":{"line":295,"column":48}},"type":"binary-expr","locations":[{"start":{"line":295,"column":38},"end":{"line":295,"column":43}},{"start":{"line":295,"column":47},"end":{"line":295,"column":48}}],"line":295},"56":{"loc":{"start":{"line":297,"column":10},"end":{"line":299,"column":6}},"type":"if","locations":[{"start":{"line":297,"column":10},"end":{"line":299,"column":6}},{"start":{"line":297,"column":10},"end":{"line":299,"column":6}}],"line":297},"57":{"loc":{"start":{"line":315,"column":31},"end":{"line":315,"column":38}},"type":"default-arg","locations":[{"start":{"line":315,"column":37},"end":{"line":315,"column":38}}],"line":315},"58":{"loc":{"start":{"line":327,"column":13},"end":{"line":327,"column":49}},"type":"binary-expr","locations":[{"start":{"line":327,"column":13},"end":{"line":327,"column":31}},{"start":{"line":327,"column":35},"end":{"line":327,"column":49}}],"line":327},"59":{"loc":{"start":{"line":328,"column":16},"end":{"line":328,"column":42}},"type":"binary-expr","locations":[{"start":{"line":328,"column":16},"end":{"line":328,"column":36}},{"start":{"line":328,"column":40},"end":{"line":328,"column":42}}],"line":328},"60":{"loc":{"start":{"line":328,"column":28},"end":{"line":328,"column":35}},"type":"binary-expr","locations":[{"start":{"line":328,"column":28},"end":{"line":328,"column":29}},{"start":{"line":328,"column":33},"end":{"line":328,"column":35}}],"line":328},"61":{"loc":{"start":{"line":332,"column":5},"end":{"line":337,"column":6}},"type":"if","locations":[{"start":{"line":332,"column":5},"end":{"line":337,"column":6}},{"start":{"line":332,"column":5},"end":{"line":337,"column":6}}],"line":332},"62":{"loc":{"start":{"line":342,"column":52},"end":{"line":342,"column":71}},"type":"binary-expr","locations":[{"start":{"line":342,"column":52},"end":{"line":342,"column":55}},{"start":{"line":342,"column":59},"end":{"line":342,"column":71}}],"line":342},"63":{"loc":{"start":{"line":344,"column":28},"end":{"line":344,"column":44}},"type":"default-arg","locations":[{"start":{"line":344,"column":39},"end":{"line":344,"column":44}}],"line":344},"64":{"loc":{"start":{"line":357,"column":29},"end":{"line":357,"column":96}},"type":"cond-expr","locations":[{"start":{"line":357,"column":40},"end":{"line":357,"column":69}},{"start":{"line":357,"column":72},"end":{"line":357,"column":96}}],"line":357},"65":{"loc":{"start":{"line":358,"column":13},"end":{"line":364,"column":14}},"type":"if","locations":[{"start":{"line":358,"column":13},"end":{"line":364,"column":14}},{"start":{"line":358,"column":13},"end":{"line":364,"column":14}}],"line":358},"66":{"loc":{"start":{"line":366,"column":31},"end":{"line":366,"column":46}},"type":"default-arg","locations":[{"start":{"line":366,"column":42},"end":{"line":366,"column":46}}],"line":366},"67":{"loc":{"start":{"line":368,"column":13},"end":{"line":374,"column":14}},"type":"if","locations":[{"start":{"line":368,"column":13},"end":{"line":374,"column":14}},{"start":{"line":368,"column":13},"end":{"line":374,"column":14}}],"line":368},"68":{"loc":{"start":{"line":373,"column":24},"end":{"line":373,"column":37}},"type":"binary-expr","locations":[{"start":{"line":373,"column":24},"end":{"line":373,"column":31}},{"start":{"line":373,"column":35},"end":{"line":373,"column":37}}],"line":373},"69":{"loc":{"start":{"line":380,"column":40},"end":{"line":380,"column":62}},"type":"binary-expr","locations":[{"start":{"line":380,"column":40},"end":{"line":380,"column":51}},{"start":{"line":380,"column":55},"end":{"line":380,"column":62}}],"line":380},"70":{"loc":{"start":{"line":384,"column":25},"end":{"line":384,"column":38}},"type":"binary-expr","locations":[{"start":{"line":384,"column":25},"end":{"line":384,"column":30}},{"start":{"line":384,"column":34},"end":{"line":384,"column":38}}],"line":384},"71":{"loc":{"start":{"line":385,"column":13},"end":{"line":390,"column":14}},"type":"if","locations":[{"start":{"line":385,"column":13},"end":{"line":390,"column":14}},{"start":{"line":385,"column":13},"end":{"line":390,"column":14}}],"line":385},"72":{"loc":{"start":{"line":386,"column":24},"end":{"line":386,"column":30}},"type":"binary-expr","locations":[{"start":{"line":386,"column":24},"end":{"line":386,"column":25}},{"start":{"line":386,"column":29},"end":{"line":386,"column":30}}],"line":386},"73":{"loc":{"start":{"line":394,"column":13},"end":{"line":399,"column":14}},"type":"if","locations":[{"start":{"line":394,"column":13},"end":{"line":399,"column":14}},{"start":{"line":394,"column":13},"end":{"line":399,"column":14}}],"line":394},"74":{"loc":{"start":{"line":402,"column":57},"end":{"line":402,"column":99}},"type":"binary-expr","locations":[{"start":{"line":402,"column":57},"end":{"line":402,"column":94}},{"start":{"line":402,"column":98},"end":{"line":402,"column":99}}],"line":402},"75":{"loc":{"start":{"line":406,"column":23},"end":{"line":406,"column":79}},"type":"binary-expr","locations":[{"start":{"line":406,"column":25},"end":{"line":406,"column":30}},{"start":{"line":406,"column":35},"end":{"line":406,"column":36}},{"start":{"line":406,"column":43},"end":{"line":406,"column":48}},{"start":{"line":406,"colu
[...]
91,"column":40}},{"start":{"line":691,"column":44},"end":{"line":691,"column":51}}],"line":691},"126":{"loc":{"start":{"line":706,"column":13},"end":{"line":709,"column":14}},"type":"if","locations":[{"start":{"line":706,"column":13},"end":{"line":709,"column":14}},{"start":{"line":706,"column":13},"end":{"line":709,"column":14}}],"line":706},"127":{"loc":{"start":{"line":706,"column":17},"end":{"line":706,"column":113}},"type":"binary-expr","locations":[{"start":{"line":706,"column":18},"end":{"line":706,"column":60}},{"start":{"line":706,"column":65},"end":{"line":706,"column":113}}],"line":706},"128":{"loc":{"start":{"line":728,"column":23},"end":{"line":728,"column":40}},"type":"default-arg","locations":[{"start":{"line":728,"column":29},"end":{"line":728,"column":40}}],"line":728},"129":{"loc":{"start":{"line":737,"column":34},"end":{"line":737,"column":59}},"type":"binary-expr","locations":[{"start":{"line":737,"column":34},"end":{"line":737,"column":51}},{"start":{"line":737,"column":55},"end":{"line":737,"column":59}}],"line":737},"130":{"loc":{"start":{"line":738,"column":36},"end":{"line":738,"column":103}},"type":"binary-expr","locations":[{"start":{"line":738,"column":37},"end":{"line":738,"column":52}},{"start":{"line":738,"column":56},"end":{"line":738,"column":71}},{"start":{"line":738,"column":76},"end":{"line":738,"column":80}},{"start":{"line":738,"column":84},"end":{"line":738,"column":103}}],"line":738},"131":{"loc":{"start":{"line":740,"column":29},"end":{"line":740,"column":46}},"type":"default-arg","locations":[{"start":{"line":740,"column":35},"end":{"line":740,"column":46}}],"line":740},"132":{"loc":{"start":{"line":741,"column":30},"end":{"line":741,"column":47}},"type":"default-arg","locations":[{"start":{"line":741,"column":36},"end":{"line":741,"column":47}}],"line":741},"133":{"loc":{"start":{"line":742,"column":26},"end":{"line":742,"column":43}},"type":"default-arg","locations":[{"start":{"line":742,"column":32},"end":{"line":742,"column":43}}],"line":742},"134":{"loc":{"start":{"line":743,"column":27},"end":{"line":743,"column":44}},"type":"default-arg","locations":[{"start":{"line":743,"column":33},"end":{"line":743,"column":44}}],"line":743},"135":{"loc":{"start":{"line":744,"column":26},"end":{"line":744,"column":43}},"type":"default-arg","locations":[{"start":{"line":744,"column":32},"end":{"line":744,"column":43}}],"line":744},"136":{"loc":{"start":{"line":744,"column":93},"end":{"line":744,"column":109}},"type":"binary-expr","locations":[{"start":{"line":744,"column":93},"end":{"line":744,"column":104}},{"start":{"line":744,"column":108},"end":{"line":744,"column":109}}],"line":744},"137":{"loc":{"start":{"line":744,"column":114},"end":{"line":744,"column":131}},"type":"binary-expr","locations":[{"start":{"line":744,"column":114},"end":{"line":744,"column":125}},{"start":{"line":744,"column":129},"end":{"line":744,"column":131}}],"line":744},"138":{"loc":{"start":{"line":744,"column":165},"end":{"line":744,"column":181}},"type":"binary-expr","locations":[{"start":{"line":744,"column":165},"end":{"line":744,"column":176}},{"start":{"line":744,"column":180},"end":{"line":744,"column":181}}],"line":744},"139":{"loc":{"start":{"line":744,"column":185},"end":{"line":744,"column":202}},"type":"binary-expr","locations":[{"start":{"line":744,"column":185},"end":{"line":744,"column":196}},{"start":{"line":744,"column":200},"end":{"line":744,"column":202}}],"line":744},"140":{"loc":{"start":{"line":744,"column":231},"end":{"line":744,"column":247}},"type":"binary-expr","locations":[{"start":{"line":744,"column":231},"end":{"line":744,"column":242}},{"start":{"line":744,"column":246},"end":{"line":744,"column":247}}],"line":744},"141":{"loc":{"start":{"line":744,"column":251},"end":{"line":744,"column":268}},"type":"binary-expr","locations":[{"start":{"line":744,"column":251},"end":{"line":744,"column":262}},{"start":{"line":744,"column":266},"end":{"line":744,"column":268}}],"line":744},"142":{"loc":{"start":{"line":745,"column":22},"end":{"line":745,"column":39}},"type":"default-arg","locations":[{"start":{"line":745,"column":28},"end":{"line":745,"column":39}}],"line":745},"143":{"loc":{"start":{"line":745,"column":82},"end":{"line":745,"column":98}},"type":"binary-expr","locations":[{"start":{"line":745,"column":82},"end":{"line":745,"column":93}},{"start":{"line":745,"column":97},"end":{"line":745,"column":98}}],"line":745},"144":{"loc":{"start":{"line":745,"column":184},"end":{"line":745,"column":200}},"type":"binary-expr","locations":[{"start":{"line":745,"column":184},"end":{"line":745,"column":195}},{"start":{"line":745,"column":199},"end":{"line":745,"column":200}}],"line":745},"145":{"loc":{"start":{"line":745,"column":247},"end":{"line":745,"column":263}},"type":"binary-expr","locations":[{"start":{"line":745,"column":247},"end":{"line":745,"column":258}},{"start":{"line":745,"column":262},"end":{"line":745,"column":263}}],"line":745},"146":{"loc":{"start":{"line":746,"column":21},"end":{"line":746,"column":38}},"type":"default-arg","locations":[{"start":{"line":746,"column":27},"end":{"line":746,"column":38}}],"line":746},"147":{"loc":{"start":{"line":747,"column":24},"end":{"line":747,"column":41}},"type":"default-arg","locations":[{"start":{"line":747,"column":30},"end":{"line":747,"column":41}}],"line":747},"148":{"loc":{"start":{"line":748,"column":24},"end":{"line":748,"column":41}},"type":"default-arg","locations":[{"start":{"line":748,"column":30},"end":{"line":748,"column":41}}],"line":748},"149":{"loc":{"start":{"line":749,"column":24},"end":{"line":749,"column":41}},"type":"default-arg","locations":[{"start":{"line":749,"column":30},"end":{"line":749,"column":41}}],"line":749},"150":{"loc":{"start":{"line":750,"column":27},"end":{"line":750,"column":44}},"type":"default-arg","locations":[{"start":{"line":750,"column":33},"end":{"line":750,"column":44}}],"line":750},"151":{"loc":{"start":{"line":751,"column":27},"end":{"line":751,"column":44}},"type":"default-arg","locations":[{"start":{"line":751,"column":33},"end":{"line":751,"column":44}}],"line":751},"152":{"loc":{"start":{"line":752,"column":23},"end":{"line":752,"column":40}},"type":"default-arg","locations":[{"start":{"line":752,"column":29},"end":{"line":752,"column":40}}],"line":752},"153":{"loc":{"start":{"line":753,"column":24},"end":{"line":753,"column":41}},"type":"default-arg","locations":[{"start":{"line":753,"column":30},"end":{"line":753,"column":41}}],"line":753},"154":{"loc":{"start":{"line":754,"column":26},"end":{"line":754,"column":43}},"type":"default-arg","locations":[{"start":{"line":754,"column":32},"end":{"line":754,"column":43}}],"line":754},"155":{"loc":{"start":{"line":755,"column":24},"end":{"line":755,"column":41}},"type":"default-arg","locations":[{"start":{"line":755,"column":30},"end":{"line":755,"column":41}}],"line":755},"156":{"loc":{"start":{"line":756,"column":21},"end":{"line":756,"column":38}},"type":"default-arg","locations":[{"start":{"line":756,"column":27},"end":{"line":756,"column":38}}],"line":756},"157":{"loc":{"start":{"line":757,"column":20},"end":{"line":757,"column":37}},"type":"default-arg","locations":[{"start":{"line":757,"column":26},"end":{"line":757,"column":37}}],"line":757},"158":{"loc":{"start":{"line":758,"column":24},"end":{"line":758,"column":41}},"type":"default-arg","locations":[{"start":{"line":758,"column":30},"end":{"line":758,"column":41}}],"line":758},"159":{"loc":{"start":{"line":759,"column":22},"end":{"line":759,"column":39}},"type":"default-arg","locations":[{"start":{"line":759,"column":28},"end":{"line":759,"column":39}}],"line":759},"160":{"loc":{"start":{"line":760,"column":26},"end":{"line":760,"column":43}},"type":"default-arg","locations":[{"start":{"line":760,"column":32},"end":{"line":760,"column":43}}],"line":760},"161":{"loc":{"start":{"line":761,"column":24},"end":{"line":761,"column":41}},"type":"default-arg","locations":[{"start":{"line":761,"column":30},"end":{"line":761,"column":41}}],"line":761},"162":{"loc":{"start":{"line":762,"column":20},"end":{"line":762,"column":60}},"type":"cond-expr","locations":[{"start":{"line":762,"column":46},"end":{"line":762,"column":49}},{"start":{"line":762,"column":52},"end":{"line":762,"column":60}}],"line":762},"163":{"loc":{"start":{"line":763,"column":22},"end":{"line":763,"column":33}},"type":"binary-expr","locations":[{"start":{"line":763,"column":22},"end":{"line":763,"column":27}},{"start":{"line":763,"column":31},"end":{"line":763,"column":33}}],"line":763},"164":{"loc":{"start":{"line":772,"column":9},"end":{"line":777,"column":10}},"type":"if","locations":[{"start":{"line":772,"column":9},"end":{"line":777,"column":10}},{"start":{"line":772,"column":9},"end":{"line":777,"column":10}}],"line":772},"165":{"loc":{"start":{"line":772,"column":13},"end":{"line":772,"column":59}},"type":"binary-expr","locations":[{"start":{"line":772,"column":14},"end":{"line":772,"column":18}},{"start":{"line":772,"column":22},"end":{"line":772,"column":33}},{"start":{"line":772,"column":39},"end":{"line":772,"column":42}},{"start":{"line":772,"column":46},"end":{"line":772,"column":58}}],"line":772},"166":{"loc":{"start":{"line":773,"column":33},"end":{"line":773,"column":55}},"type":"binary-expr","locations":[{"start":{"line":773,"column":33},"end":{"line":773,"column":43}},{"start":{"line":773,"column":47},"end":{"line":773,"column":55}}],"line":773},"167":{"loc":{"start":{"line":773,"column":63},"end":{"line":773,"column":95}},"type":"cond-expr","locations":[{"start":{"line":773,"column":77},"end":{"line":773,"column":84}},{"start":{"line":773,"column":87},"end":{"line":773,"column":95}}],"line":773},"168":{"loc":{"start":{"line":774,"column":13},"end":{"line":776,"column":14}},"type":"if","locations":[{"start":{"line":774,"column":13},"end":{"line":776,"column":14}},{"start":{"line":774,"column":13},"end":{"line":776,"column":14}}],"line":774},"169":{"loc":{"start":{"line":799,"column":38},"end":{"line":799,"column":53}},"type":"default-arg","locations":[{"start":{"line":799,"column":48},"end":{"line":799,"column":53}}],"line":799},"170":{"loc":{"start":{"line":817,"column":38},"end":{"line":817,"column":51}},"type":"default-arg","locations":[{"start":{"line":817,"column":50},"end":{"line":817,"column":51}}],"line":817},"171":{"loc":{"start":{"line":820,"column":54},"end":{"line":820,"column":67}},"type":"default-arg","locations":[{"start":{"line":820,"column":66},"end":{"line":820,"column":67}}],"line":820},"172":{"loc":{"start":{"line":820,"column":69},"end":{"line":820,"column":92}},"type":"default-arg","locations":[{"start":{"line":820,"column":82},"end":{"line":820,"column":92}}],"line":820},"173":{"loc":{"start":{"line":823,"column":1},"end":{"line":833,"column":2}},"type":"if","locations":[{"start":{"line":823,"column":1},"end":{"line":833,"column":2}},{"start":{"line":823,"column":1},"end":{"line":833,"column":2}}],"line":823},"174":{"loc":{"start":{"line":829,"column":6},"end":{"line":833,"column":2}},"type":"if","locations":[{"start":{"line":829,"column":6},"end":{"line":833,"column":2}},{"start":{"line":829,"column":6},"end":{"line":833,"column":2}}],"line":829}},"s":{"0":1,"1":1,"2":1,"3":0,"4":1,"5":0,"6":1,"7":0,"8":1,"9":0,"10":1,"11":0,"12":0,"13":0,"14":0,"15":0,"16":1,"17":0,"18":0,"19":0,"20":0,"21":0,"22":0,"23":0,"24":0,"25":0,"26":1,"27":0,"28":0,"29":1,"30":0,"31":0,"32":1,"33":1,"34":1,"35":1,"36":0,"37":1,"38":0,"39":1,"40":0,"41":1,"42":0,"43":0,"44":0,"45":0,"46":0,"47":0,"48":0,"49":0,"50":0,"51":0,"52":0,"53":1,"54":0,"55":0,"56":0,"57":0,"58":0,"59":0,"60":0,"61":0,"62":0,"63":0,"64":0,"65":0,"66":0,"67":0,"68":0,"69":0,"70":0,"71":0,"72":0,"73":0,"74":0,"75":1,"76":0,"77":0,"78":0,"79":0,"80":0,"81":0,"82":0,"83":0,"84":0,"85":0,"86":0,"87":0,"88":0,"89":0,"90":0,"91":0,"92":0,"93":0,"94":0,"95":0,"96":0,"97":0,"98":0,"99":0,"100":0,"101":0,"102":0,"103":0,"104":0,"105":0,"106":0,"107":0,"108":0,"109":0,"110":0,"111":0,"112":0,"113":0,"114":0,"115":0,"116":0,"117":0,"118":0,"119":0,"120":0,"121":0,"122":0,"123":0,"124":0,"125":0,"126":0,"127":0,"128":0,"129":1,"130":1,"131":4,"132":1,"133":3,"134":64,"135":1,"136":1,"137":1,"138":1,"139":1,"140":1,"141":0,"142":1,"143":0,"144":1,"145":1,"146":1,"147":1,"148":1,"149":1,"150":1,"151":1,"152":1,"153":1,"154":1,"155":0,"156":0,"157":0,"158":0,"159":0,"160":0,"161":0,"162":0,"163":0,"164":0,"165":0,"166":0,"167":0,"168":0,"169":0,"170":0,"171":1,"172":1,"173":1,"174":1,"175":1,"176":1,"177":1,"178":1,"179":1,"180":1,"181":0,"182":0,"183":0,"184":0,"185":0,"186":0,"187":1,"188":0,"189":0,"190":0,"191":0,"192":0,"193":0,"194":0,"195":0,"196":0,"197":0,"198":0,"199":0,"200":0,"201":0,"202":0,"203":0,"204":0,"205":0,"206":0,"207":0,"208":0,"209":0,"210":0,"211":0,"212":0,"213":0,"214":0,"215":0,"216":0,"217":0,"218":0,"219":0,"220":0,"221":0,"222":0,"223":0,"224":0,"225":0,"226":0,"227":0,"228":0,"229":0,"230":0,"231":0,"232":0,"233":0,"234":0,"235":0,"236":0,"237":0,"238":0,"239":0,"240":0,"241":0,"242":0,"243":0,"244":0,"245":0,"246":0,"247":0,"248":0,"249":0,"250":0,"251":0,"252":0,"253":0,"254":0,"255":0,"256":0,"257":0,"258":0,"259":0,"260":0,"261":0,"262":0,"263":0,"264":0,"265":0,"266":0,"267":0,"268":0,"269":0,"270":0,"271":0,"272":0,"273":0,"274":0,"275":0,"276":0,"277":0,"278":0,"279":0,"280":0,"281":0,"282":0,"283":0,"284":0,"285":0,"286":0,"287":0,"288":0,"289":0,"290":0,"291":0,"292":0,"293":0,"294":0,"295":0,"296":0,"297":0,"298":0,"299":0,"300":0,"301":0,"302":0,"303":0,"304":0,"305":0,"306":0,"307":0,"308":0,"309":0,"310":0,"311":0,"312":0,"313":0,"314":0,"315":0,"316":0,"317":0,"318":0,"319":0,"320":0,"321":0,"322":0,"323":0,"324":0,"325":0,"326":0,"327":0,"328":0,"329":0,"330":0,"331":0,"332":0,"333":0,"334":0,"335":0,"336":0,"337":0,"338":0,"339":0,"340":0,"341":0,"342":0,"343":0,"344":0,"345":0,"346":0,"347":0,"348":0,"349":0,"350":0,"351":0,"352":0,"353":0,"354":0,"355":0,"356":0,"357":0,"358":0,"359":0,"360":0,"361":1,"362":1,"363":1,"364":1,"365":0,"366":0,"367":0,"368":0,"369":0,"370":0,"371":0,"372":0,"373":0,"374":0,"375":0,"376":0,"377":0,"378":0,"379":0,"380":0,"381":0,"382":0,"383":0,"384":0,"385":0,"386":0,"387":0,"388":0,"389":0,"390":0,"391":0,"392":0,"393":0,"394":0,"395":1,"396":1,"397":1,"398":0,"399":0,"400":0,"401":0,"402":0,"403":0,"404":0,"405":0,"406":0,"407":0,"408":0,"409":0,"410":0,"411":0,"412":0,"413":0,"414":0,"415":0,"416":0,"417":0,"418":0,"419":0,"420":0,"421":0,"422":0,"423":0,"424":0,"425":0,"426":0,"427":0,"428":0,"429":0,"430":0,"431":0,"432":0,"433":0,"434":0,"435":0,"436":0,"437":0,"438":0,"439":0,"440":0,"441":0,"442":0,"443":0,"444":0,"445":0,"446":0,"447":0,"448":0,"449":0,"450":0,"451":0,"452":0,"453":0,"454":0,"455":0,"456":0,"457":0,"458":0,"459":1,"460":1,"461":1,"462":1,"463":1,"464":1,"465":1,"466":1,"467":1,"468":1,"469":1,"470":0,"471":1,"472":0,"473":1,"474":0,"475":1,"476":0,"477":1,"478":0,"479":1,"480":0,"481":1,"482":0,"483":1,"484":0,"485":1,"486":0,"487":0,"488":0,"489":1,"490":1,"491":0,"492":1,"493":1,"494":1,"495":1,"496":1,"497":1,"498":1,"499":1,"500":1,"501":1,"502":1,"503":1,"504":1,"505":1,"506":1},"f":{"0":1,"1":1,"2":0,"3":0,"4":0,"5":0,"6":0,"7":0,"8":0,"9":0,"10":0,"11":0,"12":0,"13":0,"14":0,"15":0,"16":0,"17":0,"18":0,"19":0,"20":0,"21":0,"22":0,"23":0,"24":0,"25":0,"26":0,"27":0,"28":0,"29":1,"30":4,"31":3,"32":64,"33":1,"34":0,"35":0,"36":0,"37":0,"38":0,"39":0,"40":0,"41":0,"42":0,"43":0,"44":0,"45":0,"46":0,"47":0,"48":0,"49":0,"50":0,"51":0,"52":0,"53":0,"54":0,"55":0,"56":0,"57":0,"58":0,"59":0,"60":0,"61":0,"62":0,"63":0,"64":0,"65":0,"66":0,"67":0,"68":0,"69":0,"70":0,"71":0,"72":0,"73":0,"74":0,"75":0,"76":0,"77":0,"78":0,"79":0,"80":0,"81":0,"82":0,"83":0,"84":0,"85":0,"86":0,"87":0,"88":0,"89":0,"90":0,"91":0,"92":0,"93":0,"94":0,"95":0,"96":0,"97":0,"98":0,"99":0,"100":0,"101":0,"102":0,"103":0,"104":0,"105":0,"106":0,"107":0,"108":0,"109":0,"110":0,"111":0,"112":0,"113":0,"114":0,"115":0,"116":0,"117":0,"118":0,"119":0,"120":0,"121":0,"122":0,"123":0,"124":0,"125":0,"126":0,"127":0,"128":0,"129":0,"130":0,"131":0},"b":{"0":[1,0],"1":[1,1],"2":[0,0],"3":[0,0],"4":[0,0],"5":[0,0],"6":[0,0,0],"7":[0,0],"8":[0,0],"9":[0,0],"10":[0,0],"11":[0,0],"12":[0,0],"13":[0,0],"14":[0,0],"15":[0,0],"16":[0,0],"17":[0,0],"18":[0,0],"19":[0,0,0,0],"20":[0,0],"21":[0,0],"22":[0,0],"23":[0,0],"24":[0,0],"25":[0,0],"26":[0,0],"27":[0,0],"28":[0,0],"29":[0,0],"30":[0,0],"31":[0,0],"32":[0,0],"33":[0,0],"34":[0,0],"35":[0,0],"36":[0,0],"37":[0,0],"38":[0,0],"39":[0,0],"40":[0,0],"41":[0,0],"42":[0,0],"43":[0,0],"44":[0,0],"45":[0,0],"46":[3],"47":[0,3],"48":[0,0],"49":[0,0],"50":[0,0],"51":[0,0],"52":[0,0],"53":[0,0,0,0,0,0,0],"54":[0,0],"55":[0,0],"56":[0,0],"57":[0],"58":[0,0],"59":[0,0],"60":[0,0],"61":[0,0],"62":[0,0],"63":[0],"64":[0,0],"65":[0,0],"66":[0],"67":[0,0],"68":[0,0],"69":[0,0],"70":[0,0],"71":[0,0],"72":[0,0],"73":[0,0],"74":[0,0],"75":[0,0,0,0,0,0,0],"76":[0,0],"77":[0,0],"78":[0,0],"79":[0,0],"80":[0,0],"81":[0,0],"82":[0,0,0],"83":[0,0,0,0,0,0],"84":[0],"85":[0,0],"86":[0,0],"87":[0,0],"88":[0,0],"89":[0,0],"90":[0,0],"91":[0,0],"92":[0],"93":[0,0],"94":[0,0],"95":[0,0],"96":[0,0],"97":[0,0,0],"98":[0,0],"99":[0,0,0,0,0,0,0],"100":[0,0],"101":[0,0],"102":[0,0],"103":[0,0],"104":[0,0],"105":[0,0],"106":[0,0],"107":[0,0],"108":[0,0],"109":[0,0,0,0],"110":[0,0],"111":[0],"112":[0],"113":[0],"114":[0],"115":[0],"116":[0,0],"117":[0,0,0],"118":[0,0],"119":[0,0],"120":[0,0],"121":[0,0],"122":[0,0],"123":[0,0],"124":[0,0],"125":[0,0],"126":[0,0],"127":[0,0],"128":[0],"129":[0,0],"130":[0,0,0,0],"131":[0],"132":[0],"133":[0],"134":[0],"135":[0],"136":[0,0],"137":[0,0],"138":[0,0],"139":[0,0],"140":[0,0],"141":[0,0],"142":[0],"143":[0,0],"144":[0,0],"145":[0,0],"146":[0],"147":[0],"148":[0],"149":[0],"150":[0],"151":[0],"152":[0],"153":[0],"154":[0],"155":[0],"156":[0],"157":[0],"158":[0],"159":[0],"160":[0],"161":[0],"162":[0,0],"163":[0,0],"164":[0,0],"165":[0,0,0,0],"166":[0,0],"167":[0,0],"168":[0,0],"169":[0],"170":[0],"171":[0],"172":[0],"173":[0,1],"174":[1,0]},"inputSourceMap":null,"_coverageSchema":"1a1c01bbd47fc00a2c39e90264f33305004495a9","hash":"a5ef36613fb84cea5aeb2f5c36a3baff6e56930d"}}
,"E:\\0_Svn\\smpoo\\@tFrameV9\\code.pkg\\tMind-Core\\tests\\__mapOb__.ts": {"path":"E:\\0_Svn\\smpoo\\@tFrameV9\\code.pkg\\tMind-Core\\tests\\__mapOb__.ts","statementMap":{"0":{"start":{"line":1,"column":0},"end":{"line":5,"column":2}},"1":{"start":{"line":2,"column":1},"end":{"line":4,"column":4}},"2":{"start":{"line":3,"column":2},"end":{"line":3,"column":40}}},"fnMap":{"0":{"name":"(anonymous_0)","decl":{"start":{"line":1,"column":17},"end":{"line":1,"column":18}},"loc":{"start":{"line":1,"column":52},"end":{"line":5,"column":1}}},"1":{"name":"(anonymous_1)","decl":{"start":{"line":2,"column":60},"end":{"line":2,"column":null}},"loc":{"start":{"line":2,"column":60},"end":{"line":4,"column":2}}}},"branchMap":{},"s":{"0":1,"1":1,"2":1},"f":{"0":1,"1":1},"b":{}}
,"E:\\0_Svn\\smpoo\\@tFrameV9\\code.pkg\\tMind-Core\\tests\\smpoo.ts": {"path":"E:\\0_Svn\\smpoo\\@tFrameV9\\code.pkg\\tMind-Core\\tests\\smpoo.ts","statementMap":{"0":{"start":{"line":1,"column":0},"end":{"line":1,"column":37}},"1":{"start":{"line":2,"column":18},"end":{"line":2,"column":40}},"2":{"start":{"line":4,"column":12},"end":{"line":8,"column":2}},"3":{"start":{"line":10,"column":0},"end":{"line":16,"column":2}},"4":{"start":{"line":13,"column":1},"end":{"line":15,"column":4}},"5":{"start":{"line":14,"column":2},"end":{"line":14,"column":55}}},"fnMap":{"0":{"name":"(anonymous_0)","decl":{"start":{"line":10,"column":17},"end":{"line":10,"column":null}},"loc":{"start":{"line":10,"column":17},"end":{"line":16,"column":1}}},"1":{"name":"(anonymous_1)","decl":{"start":{"line":13,"column":30},"end":{"line":13,"column":null}},"loc":{"start":{"line":13,"column":30},"end":{"line":15,"column":2}}}},"branchMap":{},"s":{"0":1,"1":1,"2":1,"3":1,"4":1,"5":1},"f":{"0":1,"1":1},"b":{}}
}
