TN:
SF:lib\index.js
FN:1,(anonymous_0)
FN:5,(anonymous_1)
FN:7,(anonymous_2)
FN:10,(anonymous_3)
FN:13,(anonymous_4)
FN:16,(anonymous_5)
FN:19,(anonymous_6)
FN:30,(anonymous_7)
FN:47,(anonymous_8)
FN:48,(anonymous_9)
FN:50,(anonymous_10)
FN:51,(anonymous_11)
FN:57,(anonymous_12)
FN:63,(anonymous_13)
FN:68,(anonymous_14)
FN:71,(anonymous_15)
FN:90,(anonymous_16)
FN:98,(anonymous_17)
FN:106,(anonymous_18)
FN:114,(anonymous_19)
FN:114,(anonymous_20)
FN:118,(anonymous_21)
FN:122,tCheckType$1
FN:126,testMoveUp
FN:138,testMoveDown
FN:152,arrInsert
FN:165,arrMoveItem
FN:186,sortASC
FN:197,sortDESC
FN:209,(anonymous_29)
FN:209,(anonymous_30)
FN:210,(anonymous_31)
FN:210,(anonymous_32)
FN:211,(anonymous_33)
FN:224,(anonymous_34)
FN:230,(anonymous_35)
FN:237,(anonymous_36)
FN:280,bline
FN:282,(anonymous_38)
FN:284,techo
FN:286,(anonymous_40)
FN:314,(anonymous_41)
FN:315,(anonymous_42)
FN:327,(anonymous_43)
FN:331,(anonymous_44)
FN:340,(anonymous_45)
FN:341,(anonymous_46)
FN:344,(anonymous_47)
FN:356,(anonymous_48)
FN:362,(anonymous_49)
FN:366,(anonymous_50)
FN:376,(anonymous_51)
FN:379,(anonymous_52)
FN:382,(anonymous_53)
FN:392,(anonymous_54)
FN:401,(anonymous_55)
FN:404,(anonymous_56)
FN:414,(anonymous_57)
FN:432,(anonymous_58)
FN:439,(anonymous_59)
FN:469,(anonymous_60)
FN:483,(anonymous_61)
FN:502,(anonymous_62)
FN:503,(anonymous_63)
FN:507,(anonymous_64)
FN:511,(anonymous_65)
FN:514,(anonymous_66)
FN:517,(anonymous_67)
FN:520,(anonymous_68)
FN:523,(anonymous_69)
FN:526,(anonymous_70)
FN:529,(anonymous_71)
FN:532,(anonymous_72)
FN:535,(anonymous_73)
FN:538,(anonymous_74)
FN:542,(anonymous_75)
FN:573,(anonymous_76)
FN:590,(anonymous_77)
FN:593,(anonymous_78)
FN:596,(anonymous_79)
FN:599,(anonymous_80)
FN:602,(anonymous_81)
FN:604,(anonymous_82)
FN:604,(anonymous_83)
FN:608,(anonymous_84)
FN:611,(anonymous_85)
FN:614,(anonymous_86)
FN:617,(anonymous_87)
FN:620,(anonymous_88)
FN:623,(anonymous_89)
FN:627,(anonymous_90)
FN:630,(anonymous_91)
FN:634,tdate
FN:670,(anonymous_93)
FN:701,(anonymous_94)
FN:727,(anonymous_95)
FN:728,(anonymous_96)
FN:740,(anonymous_97)
FN:741,(anonymous_98)
FN:742,(anonymous_99)
FN:743,(anonymous_100)
FN:744,(anonymous_101)
FN:745,(anonymous_102)
FN:746,(anonymous_103)
FN:747,(anonymous_104)
FN:748,(anonymous_105)
FN:749,(anonymous_106)
FN:750,(anonymous_107)
FN:751,(anonymous_108)
FN:752,(anonymous_109)
FN:753,(anonymous_110)
FN:754,(anonymous_111)
FN:755,(anonymous_112)
FN:756,(anonymous_113)
FN:757,(anonymous_114)
FN:758,(anonymous_115)
FN:759,(anonymous_116)
FN:760,(anonymous_117)
FN:761,(anonymous_118)
FN:768,(anonymous_119)
FN:771,(anonymous_120)
FN:781,tVerifi$1
FN:799,(anonymous_122)
FN:802,(anonymous_123)
FN:805,(anonymous_124)
FN:808,(anonymous_125)
FN:811,(anonymous_126)
FN:814,(anonymous_127)
FN:817,(anonymous_128)
FN:820,(anonymous_129)
FN:825,(anonymous_130)
FN:830,(anonymous_131)
FNF:132
FNH:7
FNDA:1,(anonymous_0)
FNDA:1,(anonymous_1)
FNDA:0,(anonymous_2)
FNDA:0,(anonymous_3)
FNDA:0,(anonymous_4)
FNDA:0,(anonymous_5)
FNDA:0,(anonymous_6)
FNDA:0,(anonymous_7)
FNDA:0,(anonymous_8)
FNDA:0,(anonymous_9)
FNDA:0,(anonymous_10)
FNDA:0,(anonymous_11)
FNDA:0,(anonymous_12)
FNDA:0,(anonymous_13)
FNDA:0,(anonymous_14)
FNDA:0,(anonymous_15)
FNDA:0,(anonymous_16)
FNDA:0,(anonymous_17)
FNDA:0,(anonymous_18)
FNDA:0,(anonymous_19)
FNDA:0,(anonymous_20)
FNDA:0,(anonymous_21)
FNDA:0,tCheckType$1
FNDA:0,testMoveUp
FNDA:0,testMoveDown
FNDA:0,arrInsert
FNDA:0,arrMoveItem
FNDA:0,sortASC
FNDA:0,sortDESC
FNDA:1,(anonymous_29)
FNDA:4,(anonymous_30)
FNDA:3,(anonymous_31)
FNDA:64,(anonymous_32)
FNDA:1,(anonymous_33)
FNDA:0,(anonymous_34)
FNDA:0,(anonymous_35)
FNDA:0,(anonymous_36)
FNDA:0,bline
FNDA:0,(anonymous_38)
FNDA:0,techo
FNDA:0,(anonymous_40)
FNDA:0,(anonymous_41)
FNDA:0,(anonymous_42)
FNDA:0,(anonymous_43)
FNDA:0,(anonymous_44)
FNDA:0,(anonymous_45)
FNDA:0,(anonymous_46)
FNDA:0,(anonymous_47)
FNDA:0,(anonymous_48)
FNDA:0,(anonymous_49)
FNDA:0,(anonymous_50)
FNDA:0,(anonymous_51)
FNDA:0,(anonymous_52)
FNDA:0,(anonymous_53)
FNDA:0,(anonymous_54)
FNDA:0,(anonymous_55)
FNDA:0,(anonymous_56)
FNDA:0,(anonymous_57)
FNDA:0,(anonymous_58)
FNDA:0,(anonymous_59)
FNDA:0,(anonymous_60)
FNDA:0,(anonymous_61)
FNDA:0,(anonymous_62)
FNDA:0,(anonymous_63)
FNDA:0,(anonymous_64)
FNDA:0,(anonymous_65)
FNDA:0,(anonymous_66)
FNDA:0,(anonymous_67)
FNDA:0,(anonymous_68)
FNDA:0,(anonymous_69)
FNDA:0,(anonymous_70)
FNDA:0,(anonymous_71)
FNDA:0,(anonymous_72)
FNDA:0,(anonymous_73)
FNDA:0,(anonymous_74)
FNDA:0,(anonymous_75)
FNDA:0,(anonymous_76)
FNDA:0,(anonymous_77)
FNDA:0,(anonymous_78)
FNDA:0,(anonymous_79)
FNDA:0,(anonymous_80)
FNDA:0,(anonymous_81)
FNDA:0,(anonymous_82)
FNDA:0,(anonymous_83)
FNDA:0,(anonymous_84)
FNDA:0,(anonymous_85)
FNDA:0,(anonymous_86)
FNDA:0,(anonymous_87)
FNDA:0,(anonymous_88)
FNDA:0,(anonymous_89)
FNDA:0,(anonymous_90)
FNDA:0,(anonymous_91)
FNDA:0,tdate
FNDA:0,(anonymous_93)
FNDA:0,(anonymous_94)
FNDA:0,(anonymous_95)
FNDA:0,(anonymous_96)
FNDA:0,(anonymous_97)
FNDA:0,(anonymous_98)
FNDA:0,(anonymous_99)
FNDA:0,(anonymous_100)
FNDA:0,(anonymous_101)
FNDA:0,(anonymous_102)
FNDA:0,(anonymous_103)
FNDA:0,(anonymous_104)
FNDA:0,(anonymous_105)
FNDA:0,(anonymous_106)
FNDA:0,(anonymous_107)
FNDA:0,(anonymous_108)
FNDA:0,(anonymous_109)
FNDA:0,(anonymous_110)
FNDA:0,(anonymous_111)
FNDA:0,(anonymous_112)
FNDA:0,(anonymous_113)
FNDA:0,(anonymous_114)
FNDA:0,(anonymous_115)
FNDA:0,(anonymous_116)
FNDA:0,(anonymous_117)
FNDA:0,(anonymous_118)
FNDA:0,(anonymous_119)
FNDA:0,(anonymous_120)
FNDA:0,tVerifi$1
FNDA:0,(anonymous_122)
FNDA:0,(anonymous_123)
FNDA:0,(anonymous_124)
FNDA:0,(anonymous_125)
FNDA:0,(anonymous_126)
FNDA:0,(anonymous_127)
FNDA:0,(anonymous_128)
FNDA:0,(anonymous_129)
FNDA:0,(anonymous_130)
FNDA:0,(anonymous_131)
DA:1,1
DA:2,1
DA:7,1
DA:8,0
DA:10,1
DA:11,0
DA:13,1
DA:14,0
DA:16,1
DA:17,0
DA:19,1
DA:20,0
DA:21,0
DA:23,0
DA:24,0
DA:27,0
DA:30,1
DA:31,0
DA:32,0
DA:34,0
DA:35,0
DA:37,0
DA:38,0
DA:40,0
DA:41,0
DA:44,0
DA:47,1
DA:48,0
DA:50,1
DA:51,0
DA:54,1
DA:55,1
DA:56,1
DA:57,1
DA:58,0
DA:63,1
DA:64,0
DA:68,1
DA:69,0
DA:71,1
DA:72,0
DA:73,0
DA:75,0
DA:77,0
DA:79,0
DA:81,0
DA:82,0
DA:83,0
DA:84,0
DA:85,0
DA:87,0
DA:90,1
DA:91,0
DA:92,0
DA:93,0
DA:94,0
DA:95,0
DA:96,0
DA:97,0
DA:98,0
DA:99,0
DA:100,0
DA:101,0
DA:103,0
DA:104,0
DA:105,0
DA:106,0
DA:107,0
DA:109,0
DA:112,0
DA:114,0
DA:115,0
DA:118,1
DA:119,0
DA:123,0
DA:127,0
DA:128,0
DA:129,0
DA:130,0
DA:131,0
DA:133,0
DA:134,0
DA:135,0
DA:139,0
DA:140,0
DA:141,0
DA:142,0
DA:143,0
DA:144,0
DA:146,0
DA:147,0
DA:148,0
DA:149,0
DA:153,0
DA:154,0
DA:156,0
DA:157,0
DA:159,0
DA:160,0
DA:161,0
DA:162,0
DA:166,0
DA:167,0
DA:168,0
DA:169,0
DA:171,0
DA:172,0
DA:176,0
DA:177,0
DA:178,0
DA:180,0
DA:181,0
DA:187,0
DA:188,0
DA:190,0
DA:191,0
DA:194,0
DA:198,0
DA:199,0
DA:201,0
DA:202,0
DA:205,0
DA:209,4
DA:210,64
DA:211,1
DA:212,1
DA:213,1
DA:214,1
DA:215,1
DA:222,1
DA:225,0
DA:228,1
DA:231,0
DA:234,1
DA:239,1
DA:240,1
DA:241,1
DA:242,1
DA:246,1
DA:247,1
DA:249,1
DA:250,1
DA:268,1
DA:274,1
DA:281,0
DA:282,0
DA:285,0
DA:286,0
DA:287,0
DA:288,0
DA:289,0
DA:290,0
DA:291,0
DA:292,0
DA:294,0
DA:295,0
DA:297,0
DA:298,0
DA:302,1
DA:303,1
DA:304,1
DA:305,1
DA:306,1
DA:307,1
DA:311,1
DA:312,1
DA:313,1
DA:314,1
DA:315,0
DA:316,0
DA:317,0
DA:327,0
DA:328,0
DA:331,1
DA:332,0
DA:333,0
DA:336,0
DA:341,0
DA:342,0
DA:344,0
DA:345,0
DA:355,0
DA:356,0
DA:357,0
DA:358,0
DA:359,0
DA:362,0
DA:363,0
DA:366,0
DA:367,0
DA:368,0
DA:369,0
DA:372,0
DA:373,0
DA:376,0
DA:377,0
DA:379,0
DA:380,0
DA:382,0
DA:383,0
DA:384,0
DA:385,0
DA:386,0
DA:389,0
DA:392,0
DA:393,0
DA:394,0
DA:395,0
DA:398,0
DA:401,0
DA:402,0
DA:404,0
DA:405,0
DA:406,0
DA:407,0
DA:408,0
DA:411,0
DA:414,0
DA:415,0
DA:416,0
DA:417,0
DA:418,0
DA:420,0
DA:421,0
DA:423,0
DA:424,0
DA:426,0
DA:429,0
DA:432,0
DA:433,0
DA:434,0
DA:435,0
DA:436,0
DA:437,0
DA:438,0
DA:439,0
DA:440,0
DA:441,0
DA:443,0
DA:444,0
DA:446,0
DA:447,0
DA:449,0
DA:450,0
DA:452,0
DA:453,0
DA:455,0
DA:456,0
DA:458,0
DA:459,0
DA:462,0
DA:466,0
DA:469,0
DA:470,0
DA:471,0
DA:472,0
DA:473,0
DA:476,0
DA:480,0
DA:483,0
DA:484,0
DA:485,0
DA:502,0
DA:503,0
DA:505,0
DA:508,0
DA:509,0
DA:512,0
DA:515,0
DA:518,0
DA:521,0
DA:524,0
DA:527,0
DA:530,0
DA:533,0
DA:536,0
DA:539,0
DA:540,0
DA:543,0
DA:544,0
DA:545,0
DA:546,0
DA:547,0
DA:548,0
DA:549,0
DA:550,0
DA:551,0
DA:552,0
DA:553,0
DA:554,0
DA:555,0
DA:556,0
DA:557,0
DA:558,0
DA:559,0
DA:560,0
DA:563,0
DA:564,0
DA:565,0
DA:566,0
DA:568,0
DA:571,0
DA:574,0
DA:575,0
DA:576,0
DA:577,0
DA:578,0
DA:579,0
DA:582,0
DA:583,0
DA:584,0
DA:588,0
DA:591,0
DA:594,0
DA:597,0
DA:600,0
DA:603,0
DA:604,0
DA:605,0
DA:609,0
DA:612,0
DA:615,0
DA:618,0
DA:621,0
DA:624,0
DA:625,0
DA:628,0
DA:631,0
DA:635,0
DA:636,0
DA:638,0
DA:640,0
DA:641,0
DA:642,0
DA:645,0
DA:648,0
DA:650,0
DA:651,0
DA:653,0
DA:654,0
DA:657,0
DA:662,1
DA:667,1
DA:668,1
DA:669,1
DA:671,0
DA:672,0
DA:673,0
DA:674,0
DA:675,0
DA:676,0
DA:677,0
DA:678,0
DA:679,0
DA:682,0
DA:683,0
DA:684,0
DA:685,0
DA:686,0
DA:688,0
DA:689,0
DA:691,0
DA:692,0
DA:694,0
DA:697,0
DA:699,0
DA:702,0
DA:703,0
DA:704,0
DA:705,0
DA:706,0
DA:707,0
DA:708,0
DA:710,0
DA:712,0
DA:716,1
DA:721,1
DA:722,1
DA:728,0
DA:729,0
DA:736,0
DA:737,0
DA:738,0
DA:740,0
DA:741,0
DA:742,0
DA:743,0
DA:744,0
DA:745,0
DA:746,0
DA:747,0
DA:748,0
DA:749,0
DA:750,0
DA:751,0
DA:752,0
DA:753,0
DA:754,0
DA:755,0
DA:756,0
DA:757,0
DA:758,0
DA:759,0
DA:760,0
DA:761,0
DA:762,0
DA:763,0
DA:764,0
DA:765,0
DA:766,0
DA:769,0
DA:772,0
DA:773,0
DA:774,0
DA:775,0
DA:778,0
DA:782,0
DA:785,1
DA:790,1
DA:791,1
DA:792,1
DA:793,1
DA:794,1
DA:795,1
DA:796,1
DA:797,1
DA:798,1
DA:799,1
DA:800,0
DA:802,1
DA:803,0
DA:805,1
DA:806,0
DA:808,1
DA:809,0
DA:811,1
DA:812,0
DA:814,1
DA:815,0
DA:817,1
DA:818,0
DA:820,1
DA:821,0
DA:823,1
DA:824,0
DA:825,0
DA:826,0
DA:829,1
DA:830,1
DA:831,0
DA:834,1
DA:835,1
DA:836,1
DA:837,1
DA:838,1
DA:839,1
DA:840,1
DA:842,1
DA:843,1
DA:844,1
DA:845,1
DA:846,1
DA:847,1
DA:848,1
DA:850,1
LF:465
LH:93
BRDA:2,0,0,1
BRDA:2,0,1,0
BRDA:2,1,0,1
BRDA:2,1,1,1
BRDA:3,2,0,0
BRDA:3,2,1,0
BRDA:3,3,0,0
BRDA:3,3,1,0
BRDA:4,4,0,0
BRDA:4,4,1,0
BRDA:4,5,0,0
BRDA:4,5,1,0
BRDA:11,6,0,0
BRDA:11,6,1,0
BRDA:11,6,2,0
BRDA:14,7,0,0
BRDA:14,7,1,0
BRDA:17,8,0,0
BRDA:17,8,1,0
BRDA:20,9,0,0
BRDA:20,9,1,0
BRDA:21,10,0,0
BRDA:21,10,1,0
BRDA:23,11,0,0
BRDA:23,11,1,0
BRDA:24,12,0,0
BRDA:24,12,1,0
BRDA:31,13,0,0
BRDA:31,13,1,0
BRDA:34,14,0,0
BRDA:34,14,1,0
BRDA:37,15,0,0
BRDA:37,15,1,0
BRDA:40,16,0,0
BRDA:40,16,1,0
BRDA:65,17,0,0
BRDA:65,17,1,0
BRDA:72,18,0,0
BRDA:72,18,1,0
BRDA:73,19,0,0
BRDA:73,19,1,0
BRDA:73,19,2,0
BRDA:73,19,3,0
BRDA:73,20,0,0
BRDA:73,20,1,0
BRDA:84,21,0,0
BRDA:84,21,1,0
BRDA:84,22,0,0
BRDA:84,22,1,0
BRDA:93,23,0,0
BRDA:93,23,1,0
BRDA:100,24,0,0
BRDA:100,24,1,0
BRDA:100,25,0,0
BRDA:100,25,1,0
BRDA:103,26,0,0
BRDA:103,26,1,0
BRDA:103,27,0,0
BRDA:103,27,1,0
BRDA:131,28,0,0
BRDA:131,28,1,0
BRDA:135,29,0,0
BRDA:135,29,1,0
BRDA:144,30,0,0
BRDA:144,30,1,0
BRDA:148,31,0,0
BRDA:148,31,1,0
BRDA:153,32,0,0
BRDA:153,32,1,0
BRDA:156,33,0,0
BRDA:156,33,1,0
BRDA:159,34,0,0
BRDA:159,34,1,0
BRDA:167,35,0,0
BRDA:167,35,1,0
BRDA:168,36,0,0
BRDA:168,36,1,0
BRDA:171,37,0,0
BRDA:171,37,1,0
BRDA:177,38,0,0
BRDA:177,38,1,0
BRDA:180,39,0,0
BRDA:180,39,1,0
BRDA:187,40,0,0
BRDA:187,40,1,0
BRDA:190,41,0,0
BRDA:190,41,1,0
BRDA:190,42,0,0
BRDA:190,42,1,0
BRDA:198,43,0,0
BRDA:198,43,1,0
BRDA:201,44,0,0
BRDA:201,44,1,0
BRDA:201,45,0,0
BRDA:201,45,1,0
BRDA:210,46,0,3
BRDA:210,47,0,0
BRDA:210,47,1,3
BRDA:288,48,0,0
BRDA:288,48,1,0
BRDA:288,49,0,0
BRDA:288,49,1,0
BRDA:288,50,0,0
BRDA:288,50,1,0
BRDA:289,51,0,0
BRDA:289,51,1,0
BRDA:290,52,0,0
BRDA:290,52,1,0
BRDA:291,53,0,0
BRDA:291,53,1,0
BRDA:291,53,2,0
BRDA:291,53,3,0
BRDA:291,53,4,0
BRDA:291,53,5,0
BRDA:291,53,6,0
BRDA:294,54,0,0
BRDA:294,54,1,0
BRDA:295,55,0,0
BRDA:295,55,1,0
BRDA:297,56,0,0
BRDA:297,56,1,0
BRDA:315,57,0,0
BRDA:327,58,0,0
BRDA:327,58,1,0
BRDA:328,59,0,0
BRDA:328,59,1,0
BRDA:328,60,0,0
BRDA:328,60,1,0
BRDA:332,61,0,0
BRDA:332,61,1,0
BRDA:342,62,0,0
BRDA:342,62,1,0
BRDA:344,63,0,0
BRDA:357,64,0,0
BRDA:357,64,1,0
BRDA:358,65,0,0
BRDA:358,65,1,0
BRDA:366,66,0,0
BRDA:368,67,0,0
BRDA:368,67,1,0
BRDA:373,68,0,0
BRDA:373,68,1,0
BRDA:380,69,0,0
BRDA:380,69,1,0
BRDA:384,70,0,0
BRDA:384,70,1,0
BRDA:385,71,0,0
BRDA:385,71,1,0
BRDA:386,72,0,0
BRDA:386,72,1,0
BRDA:394,73,0,0
BRDA:394,73,1,0
BRDA:402,74,0,0
BRDA:402,74,1,0
BRDA:406,75,0,0
BRDA:406,75,1,0
BRDA:406,75,2,0
BRDA:406,75,3,0
BRDA:406,75,4,0
BRDA:406,75,5,0
BRDA:406,75,6,0
BRDA:407,76,0,0
BRDA:407,76,1,0
BRDA:415,77,0,0
BRDA:415,77,1,0
BRDA:417,78,0,0
BRDA:417,78,1,0
BRDA:420,79,0,0
BRDA:420,79,1,0
BRDA:423,80,0,0
BRDA:423,80,1,0
BRDA:433,81,0,0
BRDA:433,81,1,0
BRDA:436,82,0,0
BRDA:436,82,1,0
BRDA:436,82,2,0
BRDA:436,83,0,0
BRDA:436,83,1,0
BRDA:436,83,2,0
BRDA:436,83,3,0
BRDA:436,83,4,0
BRDA:436,83,5,0
BRDA:439,84,0,0
BRDA:440,85,0,0
BRDA:440,85,1,0
BRDA:443,86,0,0
BRDA:443,86,1,0
BRDA:446,87,0,0
BRDA:446,87,1,0
BRDA:449,88,0,0
BRDA:449,88,1,0
BRDA:452,89,0,0
BRDA:452,89,1,0
BRDA:455,90,0,0
BRDA:455,90,1,0
BRDA:458,91,0,0
BRDA:458,91,1,0
BRDA:469,92,0,0
BRDA:470,93,0,0
BRDA:470,93,1,0
BRDA:471,94,0,0
BRDA:471,94,1,0
BRDA:472,95,0,0
BRDA:472,95,1,0
BRDA:503,96,0,0
BRDA:503,96,1,0
BRDA:509,97,0,0
BRDA:509,97,1,0
BRDA:509,97,2,0
BRDA:536,98,0,0
BRDA:536,98,1,0
BRDA:540,99,0,0
BRDA:540,99,1,0
BRDA:540,99,2,0
BRDA:540,99,3,0
BRDA:540,99,4,0
BRDA:540,99,5,0
BRDA:540,99,6,0
BRDA:553,100,0,0
BRDA:553,100,1,0
BRDA:557,101,0,0
BRDA:557,101,1,0
BRDA:559,102,0,0
BRDA:559,102,1,0
BRDA:564,103,0,0
BRDA:564,103,1,0
BRDA:578,104,0,0
BRDA:578,104,1,0
BRDA:578,105,0,0
BRDA:578,105,1,0
BRDA:583,106,0,0
BRDA:583,106,1,0
BRDA:583,107,0,0
BRDA:583,107,1,0
BRDA:604,108,0,0
BRDA:604,108,1,0
BRDA:636,109,0,0
BRDA:636,109,1,0
BRDA:636,109,2,0
BRDA:636,109,3,0
BRDA:640,110,0,0
BRDA:640,110,1,0
BRDA:641,111,0,0
BRDA:641,112,0,0
BRDA:641,113,0,0
BRDA:641,114,0,0
BRDA:641,115,0,0
BRDA:650,116,0,0
BRDA:650,116,1,0
BRDA:650,117,0,0
BRDA:650,117,1,0
BRDA:650,117,2,0
BRDA:653,118,0,0
BRDA:653,118,1,0
BRDA:675,119,0,0
BRDA:675,119,1,0
BRDA:677,120,0,0
BRDA:677,120,1,0
BRDA:684,121,0,0
BRDA:684,121,1,0
BRDA:684,122,0,0
BRDA:684,122,1,0
BRDA:685,123,0,0
BRDA:685,123,1,0
BRDA:691,124,0,0
BRDA:691,124,1,0
BRDA:691,125,0,0
BRDA:691,125,1,0
BRDA:706,126,0,0
BRDA:706,126,1,0
BRDA:706,127,0,0
BRDA:706,127,1,0
BRDA:728,128,0,0
BRDA:737,129,0,0
BRDA:737,129,1,0
BRDA:738,130,0,0
BRDA:738,130,1,0
BRDA:738,130,2,0
BRDA:738,130,3,0
BRDA:740,131,0,0
BRDA:741,132,0,0
BRDA:742,133,0,0
BRDA:743,134,0,0
BRDA:744,135,0,0
BRDA:744,136,0,0
BRDA:744,136,1,0
BRDA:744,137,0,0
BRDA:744,137,1,0
BRDA:744,138,0,0
BRDA:744,138,1,0
BRDA:744,139,0,0
BRDA:744,139,1,0
BRDA:744,140,0,0
BRDA:744,140,1,0
BRDA:744,141,0,0
BRDA:744,141,1,0
BRDA:745,142,0,0
BRDA:745,143,0,0
BRDA:745,143,1,0
BRDA:745,144,0,0
BRDA:745,144,1,0
BRDA:745,145,0,0
BRDA:745,145,1,0
BRDA:746,146,0,0
BRDA:747,147,0,0
BRDA:748,148,0,0
BRDA:749,149,0,0
BRDA:750,150,0,0
BRDA:751,151,0,0
BRDA:752,152,0,0
BRDA:753,153,0,0
BRDA:754,154,0,0
BRDA:755,155,0,0
BRDA:756,156,0,0
BRDA:757,157,0,0
BRDA:758,158,0,0
BRDA:759,159,0,0
BRDA:760,160,0,0
BRDA:761,161,0,0
BRDA:762,162,0,0
BRDA:762,162,1,0
BRDA:763,163,0,0
BRDA:763,163,1,0
BRDA:772,164,0,0
BRDA:772,164,1,0
BRDA:772,165,0,0
BRDA:772,165,1,0
BRDA:772,165,2,0
BRDA:772,165,3,0
BRDA:773,166,0,0
BRDA:773,166,1,0
BRDA:773,167,0,0
BRDA:773,167,1,0
BRDA:774,168,0,0
BRDA:774,168,1,0
BRDA:799,169,0,0
BRDA:817,170,0,0
BRDA:820,171,0,0
BRDA:820,172,0,0
BRDA:823,173,0,0
BRDA:823,173,1,1
BRDA:829,174,0,1
BRDA:829,174,1,0
BRF:343
BRH:7
end_of_record
TN:
SF:tests\__mapOb__.ts
FN:1,(anonymous_0)
FN:2,(anonymous_1)
FNF:2
FNH:2
FNDA:1,(anonymous_0)
FNDA:1,(anonymous_1)
DA:1,1
DA:2,1
DA:3,1
LF:3
LH:3
BRF:0
BRH:0
end_of_record
TN:
SF:tests\smpoo.ts
FN:10,(anonymous_0)
FN:13,(anonymous_1)
FNF:2
FNH:2
FNDA:1,(anonymous_0)
FNDA:1,(anonymous_1)
DA:1,1
DA:2,1
DA:4,1
DA:10,1
DA:13,1
DA:14,1
LF:6
LH:6
BRF:0
BRH:0
end_of_record
